2018-08-24 12:23:15 - Starting C:\Program Files\nodejs\node.exe  --harmony C:\Users\User\AppData\Roaming\npm\node_modules\node-windows\lib\wrapper.js --file C:\PULSE\Main\L2\PCL-Cuernavaca-Mexico-Line-2\mex_cue_pcl_line2_wise__old.js --log "PULSE line2 SERVICE wrapper" --grow 0.25 --wait 1 --maxrestarts 3 --abortonerror n --stopparentfirst undefined
2018-08-24 12:23:16 - Started 6752
2018-08-24 13:00:04 - Stopping pulseline2service.exe
2018-08-24 13:00:04 - ProcessKill 6752
2018-08-24 13:00:04 - Found child process: 7072 Name: node.exe
2018-08-24 13:00:04 - Stopping process 7072
2018-08-24 13:00:04 - Send SIGINT 7072
2018-08-24 13:00:04 - SIGINT to 7072 failed - Killing as fallback
2018-08-24 13:00:04 - Stopping process 6752
2018-08-24 13:00:04 - Send SIGINT 6752
2018-08-24 13:00:04 - SIGINT to6752 successful
2018-08-24 13:00:04 - Finished pulseline2service.exe
2018-08-24 13:00:07 - Starting C:\Program Files\nodejs\node.exe  --harmony C:\Users\User\AppData\Roaming\npm\node_modules\node-windows\lib\wrapper.js --file C:\PULSE\Main\L2\PCL-Cuernavaca-Mexico-Line-2\mex_cue_pcl_line2_wise__old.js --log "PULSE line2 SERVICE wrapper" --grow 0.25 --wait 1 --maxrestarts 3 --abortonerror n --stopparentfirst undefined
2018-08-24 13:00:07 - Started 2320
2018-08-24 14:00:04 - Stopping pulseline2service.exe
2018-08-24 14:00:04 - ProcessKill 2320
2018-08-24 14:00:04 - Found child process: 6476 Name: node.exe
2018-08-24 14:00:04 - Stopping process 6476
2018-08-24 14:00:04 - Send SIGINT 6476
2018-08-24 14:00:04 - SIGINT to 6476 failed - Killing as fallback
2018-08-24 14:00:04 - Stopping process 2320
2018-08-24 14:00:04 - Send SIGINT 2320
2018-08-24 14:00:05 - SIGINT to2320 successful
2018-08-24 14:00:05 - Finished pulseline2service.exe
2018-08-24 14:00:07 - Starting C:\Program Files\nodejs\node.exe  --harmony C:\Users\User\AppData\Roaming\npm\node_modules\node-windows\lib\wrapper.js --file C:\PULSE\Main\L2\PCL-Cuernavaca-Mexico-Line-2\mex_cue_pcl_line2_wise__old.js --log "PULSE line2 SERVICE wrapper" --grow 0.25 --wait 1 --maxrestarts 3 --abortonerror n --stopparentfirst undefined
2018-08-24 14:00:07 - Started 2944
2018-08-24 15:00:04 - Stopping pulseline2service.exe
2018-08-24 15:00:04 - ProcessKill 2944
2018-08-24 15:00:04 - Found child process: 2088 Name: node.exe
2018-08-24 15:00:04 - Stopping process 2088
2018-08-24 15:00:04 - Send SIGINT 2088
2018-08-24 15:00:04 - SIGINT to 2088 failed - Killing as fallback
2018-08-24 15:00:04 - Stopping process 2944
2018-08-24 15:00:04 - Send SIGINT 2944
2018-08-24 15:00:04 - SIGINT to2944 successful
2018-08-24 15:00:04 - Finished pulseline2service.exe
2018-08-24 15:00:07 - Starting C:\Program Files\nodejs\node.exe  --harmony C:\Users\User\AppData\Roaming\npm\node_modules\node-windows\lib\wrapper.js --file C:\PULSE\Main\L2\PCL-Cuernavaca-Mexico-Line-2\mex_cue_pcl_line2_wise__old.js --log "PULSE line2 SERVICE wrapper" --grow 0.25 --wait 1 --maxrestarts 3 --abortonerror n --stopparentfirst undefined
2018-08-24 15:00:07 - Started 3440
2018-08-24 16:00:04 - Stopping pulseline2service.exe
2018-08-24 16:00:04 - ProcessKill 3440
2018-08-24 16:00:04 - Found child process: 3628 Name: node.exe
2018-08-24 16:00:04 - Stopping process 3628
2018-08-24 16:00:04 - Send SIGINT 3628
2018-08-24 16:00:04 - SIGINT to 3628 failed - Killing as fallback
2018-08-24 16:00:04 - Stopping process 3440
2018-08-24 16:00:04 - Send SIGINT 3440
2018-08-24 16:00:04 - SIGINT to3440 successful
2018-08-24 16:00:04 - Finished pulseline2service.exe
2018-08-24 16:00:07 - Starting C:\Program Files\nodejs\node.exe  --harmony C:\Users\User\AppData\Roaming\npm\node_modules\node-windows\lib\wrapper.js --file C:\PULSE\Main\L2\PCL-Cuernavaca-Mexico-Line-2\mex_cue_pcl_line2_wise__old.js --log "PULSE line2 SERVICE wrapper" --grow 0.25 --wait 1 --maxrestarts 3 --abortonerror n --stopparentfirst undefined
2018-08-24 16:00:07 - Started 6948
2018-08-24 17:00:04 - Stopping pulseline2service.exe
2018-08-24 17:00:04 - ProcessKill 6948
2018-08-24 17:00:04 - Found child process: 3396 Name: node.exe
2018-08-24 17:00:04 - Stopping process 3396
2018-08-24 17:00:04 - Send SIGINT 3396
2018-08-24 17:00:04 - SIGINT to 3396 failed - Killing as fallback
2018-08-24 17:00:04 - Stopping process 6948
2018-08-24 17:00:04 - Send SIGINT 6948
2018-08-24 17:00:04 - SIGINT to6948 successful
2018-08-24 17:00:04 - Finished pulseline2service.exe
2018-08-24 17:00:07 - Starting C:\Program Files\nodejs\node.exe  --harmony C:\Users\User\AppData\Roaming\npm\node_modules\node-windows\lib\wrapper.js --file C:\PULSE\Main\L2\PCL-Cuernavaca-Mexico-Line-2\mex_cue_pcl_line2_wise__old.js --log "PULSE line2 SERVICE wrapper" --grow 0.25 --wait 1 --maxrestarts 3 --abortonerror n --stopparentfirst undefined
2018-08-24 17:00:07 - Started 6080
2018-08-24 18:00:04 - Stopping pulseline2service.exe
2018-08-24 18:00:04 - ProcessKill 6080
2018-08-24 18:00:04 - Found child process: 2608 Name: node.exe
2018-08-24 18:00:04 - Stopping process 2608
2018-08-24 18:00:04 - Send SIGINT 2608
2018-08-24 18:00:04 - SIGINT to 2608 failed - Killing as fallback
2018-08-24 18:00:04 - Stopping process 6080
2018-08-24 18:00:04 - Send SIGINT 6080
2018-08-24 18:00:04 - SIGINT to6080 successful
2018-08-24 18:00:04 - Finished pulseline2service.exe
2018-08-24 18:00:07 - Starting C:\Program Files\nodejs\node.exe  --harmony C:\Users\User\AppData\Roaming\npm\node_modules\node-windows\lib\wrapper.js --file C:\PULSE\Main\L2\PCL-Cuernavaca-Mexico-Line-2\mex_cue_pcl_line2_wise__old.js --log "PULSE line2 SERVICE wrapper" --grow 0.25 --wait 1 --maxrestarts 3 --abortonerror n --stopparentfirst undefined
2018-08-24 18:00:07 - Started 6700
2018-08-24 19:00:04 - Stopping pulseline2service.exe
2018-08-24 19:00:04 - ProcessKill 6700
2018-08-24 19:00:04 - Found child process: 3516 Name: node.exe
2018-08-24 19:00:04 - Stopping process 3516
2018-08-24 19:00:04 - Send SIGINT 3516
2018-08-24 19:00:04 - SIGINT to 3516 failed - Killing as fallback
2018-08-24 19:00:04 - Stopping process 6700
2018-08-24 19:00:04 - Send SIGINT 6700
2018-08-24 19:00:04 - SIGINT to6700 successful
2018-08-24 19:00:04 - Finished pulseline2service.exe
2018-08-24 19:00:07 - Starting C:\Program Files\nodejs\node.exe  --harmony C:\Users\User\AppData\Roaming\npm\node_modules\node-windows\lib\wrapper.js --file C:\PULSE\Main\L2\PCL-Cuernavaca-Mexico-Line-2\mex_cue_pcl_line2_wise__old.js --log "PULSE line2 SERVICE wrapper" --grow 0.25 --wait 1 --maxrestarts 3 --abortonerror n --stopparentfirst undefined
2018-08-24 19:00:07 - Started 2256
2018-08-24 20:00:04 - Stopping pulseline2service.exe
2018-08-24 20:00:04 - ProcessKill 2256
2018-08-24 20:00:04 - Found child process: 6984 Name: node.exe
2018-08-24 20:00:04 - Stopping process 6984
2018-08-24 20:00:04 - Send SIGINT 6984
2018-08-24 20:00:04 - SIGINT to 6984 failed - Killing as fallback
2018-08-24 20:00:04 - Stopping process 2256
2018-08-24 20:00:04 - Send SIGINT 2256
2018-08-24 20:00:04 - SIGINT to2256 successful
2018-08-24 20:00:04 - Finished pulseline2service.exe
2018-08-24 20:00:07 - Starting C:\Program Files\nodejs\node.exe  --harmony C:\Users\User\AppData\Roaming\npm\node_modules\node-windows\lib\wrapper.js --file C:\PULSE\Main\L2\PCL-Cuernavaca-Mexico-Line-2\mex_cue_pcl_line2_wise__old.js --log "PULSE line2 SERVICE wrapper" --grow 0.25 --wait 1 --maxrestarts 3 --abortonerror n --stopparentfirst undefined
2018-08-24 20:00:07 - Started 1920
2018-08-24 21:00:04 - Stopping pulseline2service.exe
2018-08-24 21:00:04 - ProcessKill 1920
2018-08-24 21:00:04 - Found child process: 5040 Name: node.exe
2018-08-24 21:00:04 - Stopping process 5040
2018-08-24 21:00:04 - Send SIGINT 5040
2018-08-24 21:00:04 - SIGINT to 5040 failed - Killing as fallback
2018-08-24 21:00:04 - Stopping process 1920
2018-08-24 21:00:04 - Send SIGINT 1920
2018-08-24 21:00:04 - SIGINT to1920 successful
2018-08-24 21:00:04 - Finished pulseline2service.exe
2018-08-24 21:00:07 - Starting C:\Program Files\nodejs\node.exe  --harmony C:\Users\User\AppData\Roaming\npm\node_modules\node-windows\lib\wrapper.js --file C:\PULSE\Main\L2\PCL-Cuernavaca-Mexico-Line-2\mex_cue_pcl_line2_wise__old.js --log "PULSE line2 SERVICE wrapper" --grow 0.25 --wait 1 --maxrestarts 3 --abortonerror n --stopparentfirst undefined
2018-08-24 21:00:07 - Started 4784
2018-08-24 22:00:04 - Stopping pulseline2service.exe
2018-08-24 22:00:04 - ProcessKill 4784
2018-08-24 22:00:04 - Found child process: 6384 Name: node.exe
2018-08-24 22:00:04 - Stopping process 6384
2018-08-24 22:00:04 - Send SIGINT 6384
2018-08-24 22:00:04 - SIGINT to 6384 failed - Killing as fallback
2018-08-24 22:00:04 - Stopping process 4784
2018-08-24 22:00:04 - Send SIGINT 4784
2018-08-24 22:00:04 - SIGINT to4784 successful
2018-08-24 22:00:04 - Finished pulseline2service.exe
2018-08-24 22:00:07 - Starting C:\Program Files\nodejs\node.exe  --harmony C:\Users\User\AppData\Roaming\npm\node_modules\node-windows\lib\wrapper.js --file C:\PULSE\Main\L2\PCL-Cuernavaca-Mexico-Line-2\mex_cue_pcl_line2_wise__old.js --log "PULSE line2 SERVICE wrapper" --grow 0.25 --wait 1 --maxrestarts 3 --abortonerror n --stopparentfirst undefined
2018-08-24 22:00:07 - Started 4948
2018-08-24 23:00:04 - Stopping pulseline2service.exe
2018-08-24 23:00:04 - ProcessKill 4948
2018-08-24 23:00:04 - Found child process: 5148 Name: node.exe
2018-08-24 23:00:04 - Stopping process 5148
2018-08-24 23:00:04 - Send SIGINT 5148
2018-08-24 23:00:04 - SIGINT to 5148 failed - Killing as fallback
2018-08-24 23:00:04 - Stopping process 4948
2018-08-24 23:00:04 - Send SIGINT 4948
2018-08-24 23:00:04 - SIGINT to4948 successful
2018-08-24 23:00:04 - Finished pulseline2service.exe
2018-08-24 23:00:07 - Starting C:\Program Files\nodejs\node.exe  --harmony C:\Users\User\AppData\Roaming\npm\node_modules\node-windows\lib\wrapper.js --file C:\PULSE\Main\L2\PCL-Cuernavaca-Mexico-Line-2\mex_cue_pcl_line2_wise__old.js --log "PULSE line2 SERVICE wrapper" --grow 0.25 --wait 1 --maxrestarts 3 --abortonerror n --stopparentfirst undefined
2018-08-24 23:00:07 - Started 1084
2018-08-25 00:00:04 - Stopping pulseline2service.exe
2018-08-25 00:00:04 - ProcessKill 1084
2018-08-25 00:00:04 - Found child process: 5192 Name: node.exe
2018-08-25 00:00:04 - Stopping process 5192
2018-08-25 00:00:04 - Send SIGINT 5192
2018-08-25 00:00:04 - SIGINT to 5192 failed - Killing as fallback
2018-08-25 00:00:04 - Stopping process 1084
2018-08-25 00:00:04 - Send SIGINT 1084
2018-08-25 00:00:04 - SIGINT to1084 successful
2018-08-25 00:00:04 - Finished pulseline2service.exe
2018-08-25 00:00:07 - Starting C:\Program Files\nodejs\node.exe  --harmony C:\Users\User\AppData\Roaming\npm\node_modules\node-windows\lib\wrapper.js --file C:\PULSE\Main\L2\PCL-Cuernavaca-Mexico-Line-2\mex_cue_pcl_line2_wise__old.js --log "PULSE line2 SERVICE wrapper" --grow 0.25 --wait 1 --maxrestarts 3 --abortonerror n --stopparentfirst undefined
2018-08-25 00:00:07 - Started 3908
2018-08-25 01:00:04 - Stopping pulseline2service.exe
2018-08-25 01:00:04 - ProcessKill 3908
2018-08-25 01:00:04 - Found child process: 3664 Name: node.exe
2018-08-25 01:00:04 - Stopping process 3664
2018-08-25 01:00:04 - Send SIGINT 3664
2018-08-25 01:00:04 - SIGINT to 3664 failed - Killing as fallback
2018-08-25 01:00:04 - Stopping process 3908
2018-08-25 01:00:04 - Send SIGINT 3908
2018-08-25 01:00:04 - SIGINT to3908 successful
2018-08-25 01:00:04 - Finished pulseline2service.exe
2018-08-25 01:00:07 - Starting C:\Program Files\nodejs\node.exe  --harmony C:\Users\User\AppData\Roaming\npm\node_modules\node-windows\lib\wrapper.js --file C:\PULSE\Main\L2\PCL-Cuernavaca-Mexico-Line-2\mex_cue_pcl_line2_wise__old.js --log "PULSE line2 SERVICE wrapper" --grow 0.25 --wait 1 --maxrestarts 3 --abortonerror n --stopparentfirst undefined
2018-08-25 01:00:07 - Started 3620
2018-08-25 02:00:04 - Stopping pulseline2service.exe
2018-08-25 02:00:04 - ProcessKill 3620
2018-08-25 02:00:04 - Found child process: 6088 Name: node.exe
2018-08-25 02:00:04 - Stopping process 6088
2018-08-25 02:00:04 - Send SIGINT 6088
2018-08-25 02:00:04 - SIGINT to 6088 failed - Killing as fallback
2018-08-25 02:00:04 - Stopping process 3620
2018-08-25 02:00:04 - Send SIGINT 3620
2018-08-25 02:00:04 - SIGINT to3620 successful
2018-08-25 02:00:04 - Finished pulseline2service.exe
2018-08-25 02:00:07 - Starting C:\Program Files\nodejs\node.exe  --harmony C:\Users\User\AppData\Roaming\npm\node_modules\node-windows\lib\wrapper.js --file C:\PULSE\Main\L2\PCL-Cuernavaca-Mexico-Line-2\mex_cue_pcl_line2_wise__old.js --log "PULSE line2 SERVICE wrapper" --grow 0.25 --wait 1 --maxrestarts 3 --abortonerror n --stopparentfirst undefined
2018-08-25 02:00:07 - Started 1920
2018-08-25 03:00:04 - Stopping pulseline2service.exe
2018-08-25 03:00:04 - ProcessKill 1920
2018-08-25 03:00:04 - Found child process: 936 Name: node.exe
2018-08-25 03:00:04 - Stopping process 936
2018-08-25 03:00:04 - Send SIGINT 936
2018-08-25 03:00:04 - SIGINT to 936 failed - Killing as fallback
2018-08-25 03:00:04 - Stopping process 1920
2018-08-25 03:00:04 - Send SIGINT 1920
2018-08-25 03:00:04 - SIGINT to1920 successful
2018-08-25 03:00:04 - Finished pulseline2service.exe
2018-08-25 03:00:07 - Starting C:\Program Files\nodejs\node.exe  --harmony C:\Users\User\AppData\Roaming\npm\node_modules\node-windows\lib\wrapper.js --file C:\PULSE\Main\L2\PCL-Cuernavaca-Mexico-Line-2\mex_cue_pcl_line2_wise__old.js --log "PULSE line2 SERVICE wrapper" --grow 0.25 --wait 1 --maxrestarts 3 --abortonerror n --stopparentfirst undefined
2018-08-25 03:00:07 - Started 6292
2018-08-25 04:00:04 - Stopping pulseline2service.exe
2018-08-25 04:00:04 - ProcessKill 6292
2018-08-25 04:00:04 - Found child process: 6692 Name: node.exe
2018-08-25 04:00:04 - Stopping process 6692
2018-08-25 04:00:04 - Send SIGINT 6692
2018-08-25 04:00:04 - SIGINT to 6692 failed - Killing as fallback
2018-08-25 04:00:04 - Stopping process 6292
2018-08-25 04:00:04 - Send SIGINT 6292
2018-08-25 04:00:04 - SIGINT to6292 successful
2018-08-25 04:00:04 - Finished pulseline2service.exe
2018-08-25 04:00:07 - Starting C:\Program Files\nodejs\node.exe  --harmony C:\Users\User\AppData\Roaming\npm\node_modules\node-windows\lib\wrapper.js --file C:\PULSE\Main\L2\PCL-Cuernavaca-Mexico-Line-2\mex_cue_pcl_line2_wise__old.js --log "PULSE line2 SERVICE wrapper" --grow 0.25 --wait 1 --maxrestarts 3 --abortonerror n --stopparentfirst undefined
2018-08-25 04:00:07 - Started 6392
2018-08-25 05:00:04 - Stopping pulseline2service.exe
2018-08-25 05:00:04 - ProcessKill 6392
2018-08-25 05:00:04 - Found child process: 2092 Name: node.exe
2018-08-25 05:00:04 - Stopping process 2092
2018-08-25 05:00:04 - Send SIGINT 2092
2018-08-25 05:00:04 - SIGINT to 2092 failed - Killing as fallback
2018-08-25 05:00:04 - Stopping process 6392
2018-08-25 05:00:04 - Send SIGINT 6392
2018-08-25 05:00:04 - SIGINT to6392 successful
2018-08-25 05:00:04 - Finished pulseline2service.exe
2018-08-25 05:00:07 - Starting C:\Program Files\nodejs\node.exe  --harmony C:\Users\User\AppData\Roaming\npm\node_modules\node-windows\lib\wrapper.js --file C:\PULSE\Main\L2\PCL-Cuernavaca-Mexico-Line-2\mex_cue_pcl_line2_wise__old.js --log "PULSE line2 SERVICE wrapper" --grow 0.25 --wait 1 --maxrestarts 3 --abortonerror n --stopparentfirst undefined
2018-08-25 05:00:07 - Started 3384
2018-08-25 06:00:04 - Stopping pulseline2service.exe
2018-08-25 06:00:04 - ProcessKill 3384
2018-08-25 06:00:04 - Found child process: 7044 Name: node.exe
2018-08-25 06:00:04 - Stopping process 7044
2018-08-25 06:00:04 - Send SIGINT 7044
2018-08-25 06:00:04 - SIGINT to 7044 failed - Killing as fallback
2018-08-25 06:00:04 - Stopping process 3384
2018-08-25 06:00:04 - Send SIGINT 3384
2018-08-25 06:00:04 - SIGINT to3384 successful
2018-08-25 06:00:04 - Finished pulseline2service.exe
2018-08-25 06:00:07 - Starting C:\Program Files\nodejs\node.exe  --harmony C:\Users\User\AppData\Roaming\npm\node_modules\node-windows\lib\wrapper.js --file C:\PULSE\Main\L2\PCL-Cuernavaca-Mexico-Line-2\mex_cue_pcl_line2_wise__old.js --log "PULSE line2 SERVICE wrapper" --grow 0.25 --wait 1 --maxrestarts 3 --abortonerror n --stopparentfirst undefined
2018-08-25 06:00:07 - Started 3248
2018-08-25 07:00:04 - Stopping pulseline2service.exe
2018-08-25 07:00:04 - ProcessKill 3248
2018-08-25 07:00:04 - Found child process: 5080 Name: node.exe
2018-08-25 07:00:04 - Stopping process 5080
2018-08-25 07:00:04 - Send SIGINT 5080
2018-08-25 07:00:04 - SIGINT to 5080 failed - Killing as fallback
2018-08-25 07:00:04 - Stopping process 3248
2018-08-25 07:00:04 - Send SIGINT 3248
2018-08-25 07:00:04 - SIGINT to3248 successful
2018-08-25 07:00:04 - Finished pulseline2service.exe
2018-08-25 07:00:07 - Starting C:\Program Files\nodejs\node.exe  --harmony C:\Users\User\AppData\Roaming\npm\node_modules\node-windows\lib\wrapper.js --file C:\PULSE\Main\L2\PCL-Cuernavaca-Mexico-Line-2\mex_cue_pcl_line2_wise__old.js --log "PULSE line2 SERVICE wrapper" --grow 0.25 --wait 1 --maxrestarts 3 --abortonerror n --stopparentfirst undefined
2018-08-25 07:00:07 - Started 6540
2018-08-25 08:00:04 - Stopping pulseline2service.exe
2018-08-25 08:00:04 - ProcessKill 6540
2018-08-25 08:00:04 - Found child process: 5640 Name: node.exe
2018-08-25 08:00:04 - Stopping process 5640
2018-08-25 08:00:04 - Send SIGINT 5640
2018-08-25 08:00:04 - SIGINT to 5640 failed - Killing as fallback
2018-08-25 08:00:04 - Stopping process 6540
2018-08-25 08:00:04 - Send SIGINT 6540
2018-08-25 08:00:04 - SIGINT to6540 successful
2018-08-25 08:00:04 - Finished pulseline2service.exe
2018-08-25 08:00:07 - Starting C:\Program Files\nodejs\node.exe  --harmony C:\Users\User\AppData\Roaming\npm\node_modules\node-windows\lib\wrapper.js --file C:\PULSE\Main\L2\PCL-Cuernavaca-Mexico-Line-2\mex_cue_pcl_line2_wise__old.js --log "PULSE line2 SERVICE wrapper" --grow 0.25 --wait 1 --maxrestarts 3 --abortonerror n --stopparentfirst undefined
2018-08-25 08:00:07 - Started 5040
2018-08-25 09:00:04 - Stopping pulseline2service.exe
2018-08-25 09:00:04 - ProcessKill 5040
2018-08-25 09:00:04 - Found child process: 1408 Name: node.exe
2018-08-25 09:00:04 - Stopping process 1408
2018-08-25 09:00:04 - Send SIGINT 1408
2018-08-25 09:00:04 - SIGINT to 1408 failed - Killing as fallback
2018-08-25 09:00:04 - Stopping process 5040
2018-08-25 09:00:04 - Send SIGINT 5040
2018-08-25 09:00:04 - SIGINT to5040 successful
2018-08-25 09:00:04 - Finished pulseline2service.exe
2018-08-25 09:00:07 - Starting C:\Program Files\nodejs\node.exe  --harmony C:\Users\User\AppData\Roaming\npm\node_modules\node-windows\lib\wrapper.js --file C:\PULSE\Main\L2\PCL-Cuernavaca-Mexico-Line-2\mex_cue_pcl_line2_wise__old.js --log "PULSE line2 SERVICE wrapper" --grow 0.25 --wait 1 --maxrestarts 3 --abortonerror n --stopparentfirst undefined
2018-08-25 09:00:07 - Started 5968
2018-08-25 10:00:04 - Stopping pulseline2service.exe
2018-08-25 10:00:04 - ProcessKill 5968
2018-08-25 10:00:04 - Found child process: 6936 Name: node.exe
2018-08-25 10:00:04 - Stopping process 6936
2018-08-25 10:00:04 - Send SIGINT 6936
2018-08-25 10:00:04 - SIGINT to 6936 failed - Killing as fallback
2018-08-25 10:00:04 - Stopping process 5968
2018-08-25 10:00:04 - Send SIGINT 5968
2018-08-25 10:00:04 - SIGINT to5968 successful
2018-08-25 10:00:04 - Finished pulseline2service.exe
2018-08-25 10:00:07 - Starting C:\Program Files\nodejs\node.exe  --harmony C:\Users\User\AppData\Roaming\npm\node_modules\node-windows\lib\wrapper.js --file C:\PULSE\Main\L2\PCL-Cuernavaca-Mexico-Line-2\mex_cue_pcl_line2_wise__old.js --log "PULSE line2 SERVICE wrapper" --grow 0.25 --wait 1 --maxrestarts 3 --abortonerror n --stopparentfirst undefined
2018-08-25 10:00:07 - Started 5888
2018-08-25 11:00:04 - Stopping pulseline2service.exe
2018-08-25 11:00:04 - ProcessKill 5888
2018-08-25 11:00:04 - Found child process: 6004 Name: node.exe
2018-08-25 11:00:04 - Stopping process 6004
2018-08-25 11:00:04 - Send SIGINT 6004
2018-08-25 11:00:04 - SIGINT to 6004 failed - Killing as fallback
2018-08-25 11:00:04 - Stopping process 5888
2018-08-25 11:00:04 - Send SIGINT 5888
2018-08-25 11:00:04 - SIGINT to5888 successful
2018-08-25 11:00:04 - Finished pulseline2service.exe
2018-08-25 11:00:07 - Starting C:\Program Files\nodejs\node.exe  --harmony C:\Users\User\AppData\Roaming\npm\node_modules\node-windows\lib\wrapper.js --file C:\PULSE\Main\L2\PCL-Cuernavaca-Mexico-Line-2\mex_cue_pcl_line2_wise__old.js --log "PULSE line2 SERVICE wrapper" --grow 0.25 --wait 1 --maxrestarts 3 --abortonerror n --stopparentfirst undefined
2018-08-25 11:00:07 - Started 4284
2018-08-25 12:00:04 - Stopping pulseline2service.exe
2018-08-25 12:00:04 - ProcessKill 4284
2018-08-25 12:00:04 - Found child process: 5140 Name: node.exe
2018-08-25 12:00:04 - Stopping process 5140
2018-08-25 12:00:04 - Send SIGINT 5140
2018-08-25 12:00:04 - SIGINT to 5140 failed - Killing as fallback
2018-08-25 12:00:04 - Stopping process 4284
2018-08-25 12:00:04 - Send SIGINT 4284
2018-08-25 12:00:05 - SIGINT to4284 successful
2018-08-25 12:00:05 - Finished pulseline2service.exe
2018-08-25 12:00:07 - Starting C:\Program Files\nodejs\node.exe  --harmony C:\Users\User\AppData\Roaming\npm\node_modules\node-windows\lib\wrapper.js --file C:\PULSE\Main\L2\PCL-Cuernavaca-Mexico-Line-2\mex_cue_pcl_line2_wise__old.js --log "PULSE line2 SERVICE wrapper" --grow 0.25 --wait 1 --maxrestarts 3 --abortonerror n --stopparentfirst undefined
2018-08-25 12:00:07 - Started 6072
2018-08-25 13:00:04 - Stopping pulseline2service.exe
2018-08-25 13:00:04 - ProcessKill 6072
2018-08-25 13:00:04 - Found child process: 3752 Name: node.exe
2018-08-25 13:00:04 - Stopping process 3752
2018-08-25 13:00:04 - Send SIGINT 3752
2018-08-25 13:00:04 - SIGINT to 3752 failed - Killing as fallback
2018-08-25 13:00:04 - Stopping process 6072
2018-08-25 13:00:04 - Send SIGINT 6072
2018-08-25 13:00:04 - SIGINT to6072 successful
2018-08-25 13:00:04 - Finished pulseline2service.exe
2018-08-25 13:00:07 - Starting C:\Program Files\nodejs\node.exe  --harmony C:\Users\User\AppData\Roaming\npm\node_modules\node-windows\lib\wrapper.js --file C:\PULSE\Main\L2\PCL-Cuernavaca-Mexico-Line-2\mex_cue_pcl_line2_wise__old.js --log "PULSE line2 SERVICE wrapper" --grow 0.25 --wait 1 --maxrestarts 3 --abortonerror n --stopparentfirst undefined
2018-08-25 13:00:07 - Started 2108
2018-08-25 14:00:04 - Stopping pulseline2service.exe
2018-08-25 14:00:04 - ProcessKill 2108
2018-08-25 14:00:04 - Found child process: 6240 Name: node.exe
2018-08-25 14:00:04 - Stopping process 6240
2018-08-25 14:00:04 - Send SIGINT 6240
2018-08-25 14:00:04 - SIGINT to 6240 failed - Killing as fallback
2018-08-25 14:00:04 - Stopping process 2108
2018-08-25 14:00:04 - Send SIGINT 2108
2018-08-25 14:00:04 - SIGINT to2108 successful
2018-08-25 14:00:04 - Finished pulseline2service.exe
2018-08-25 14:00:07 - Starting C:\Program Files\nodejs\node.exe  --harmony C:\Users\User\AppData\Roaming\npm\node_modules\node-windows\lib\wrapper.js --file C:\PULSE\Main\L2\PCL-Cuernavaca-Mexico-Line-2\mex_cue_pcl_line2_wise__old.js --log "PULSE line2 SERVICE wrapper" --grow 0.25 --wait 1 --maxrestarts 3 --abortonerror n --stopparentfirst undefined
2018-08-25 14:00:07 - Started 4988
2018-08-25 15:00:04 - Stopping pulseline2service.exe
2018-08-25 15:00:04 - ProcessKill 4988
2018-08-25 15:00:04 - Found child process: 2532 Name: node.exe
2018-08-25 15:00:04 - Stopping process 2532
2018-08-25 15:00:04 - Send SIGINT 2532
2018-08-25 15:00:04 - SIGINT to 2532 failed - Killing as fallback
2018-08-25 15:00:04 - Stopping process 4988
2018-08-25 15:00:04 - Send SIGINT 4988
2018-08-25 15:00:04 - SIGINT to4988 successful
2018-08-25 15:00:04 - Finished pulseline2service.exe
2018-08-25 15:00:07 - Starting C:\Program Files\nodejs\node.exe  --harmony C:\Users\User\AppData\Roaming\npm\node_modules\node-windows\lib\wrapper.js --file C:\PULSE\Main\L2\PCL-Cuernavaca-Mexico-Line-2\mex_cue_pcl_line2_wise__old.js --log "PULSE line2 SERVICE wrapper" --grow 0.25 --wait 1 --maxrestarts 3 --abortonerror n --stopparentfirst undefined
2018-08-25 15:00:07 - Started 5092
2018-08-25 16:00:04 - Stopping pulseline2service.exe
2018-08-25 16:00:04 - ProcessKill 5092
2018-08-25 16:00:04 - Found child process: 6636 Name: node.exe
2018-08-25 16:00:04 - Stopping process 6636
2018-08-25 16:00:04 - Send SIGINT 6636
2018-08-25 16:00:04 - SIGINT to 6636 failed - Killing as fallback
2018-08-25 16:00:04 - Stopping process 5092
2018-08-25 16:00:04 - Send SIGINT 5092
2018-08-25 16:00:04 - SIGINT to5092 successful
2018-08-25 16:00:04 - Finished pulseline2service.exe
2018-08-25 16:00:07 - Starting C:\Program Files\nodejs\node.exe  --harmony C:\Users\User\AppData\Roaming\npm\node_modules\node-windows\lib\wrapper.js --file C:\PULSE\Main\L2\PCL-Cuernavaca-Mexico-Line-2\mex_cue_pcl_line2_wise__old.js --log "PULSE line2 SERVICE wrapper" --grow 0.25 --wait 1 --maxrestarts 3 --abortonerror n --stopparentfirst undefined
2018-08-25 16:00:07 - Started 5144
2018-08-25 17:00:04 - Stopping pulseline2service.exe
2018-08-25 17:00:04 - ProcessKill 5144
2018-08-25 17:00:04 - Found child process: 6540 Name: node.exe
2018-08-25 17:00:04 - Stopping process 6540
2018-08-25 17:00:04 - Send SIGINT 6540
2018-08-25 17:00:04 - SIGINT to 6540 failed - Killing as fallback
2018-08-25 17:00:04 - Stopping process 5144
2018-08-25 17:00:04 - Send SIGINT 5144
2018-08-25 17:00:04 - SIGINT to5144 successful
2018-08-25 17:00:04 - Finished pulseline2service.exe
2018-08-25 17:00:07 - Starting C:\Program Files\nodejs\node.exe  --harmony C:\Users\User\AppData\Roaming\npm\node_modules\node-windows\lib\wrapper.js --file C:\PULSE\Main\L2\PCL-Cuernavaca-Mexico-Line-2\mex_cue_pcl_line2_wise__old.js --log "PULSE line2 SERVICE wrapper" --grow 0.25 --wait 1 --maxrestarts 3 --abortonerror n --stopparentfirst undefined
2018-08-25 17:00:07 - Started 980
2018-08-25 18:00:04 - Stopping pulseline2service.exe
2018-08-25 18:00:04 - ProcessKill 980
2018-08-25 18:00:04 - Found child process: 6856 Name: node.exe
2018-08-25 18:00:04 - Stopping process 6856
2018-08-25 18:00:04 - Send SIGINT 6856
2018-08-25 18:00:04 - SIGINT to 6856 failed - Killing as fallback
2018-08-25 18:00:04 - Stopping process 980
2018-08-25 18:00:04 - Send SIGINT 980
2018-08-25 18:00:04 - SIGINT to980 successful
2018-08-25 18:00:04 - Finished pulseline2service.exe
2018-08-25 18:00:07 - Starting C:\Program Files\nodejs\node.exe  --harmony C:\Users\User\AppData\Roaming\npm\node_modules\node-windows\lib\wrapper.js --file C:\PULSE\Main\L2\PCL-Cuernavaca-Mexico-Line-2\mex_cue_pcl_line2_wise__old.js --log "PULSE line2 SERVICE wrapper" --grow 0.25 --wait 1 --maxrestarts 3 --abortonerror n --stopparentfirst undefined
2018-08-25 18:00:07 - Started 1548
2018-08-25 19:00:04 - Stopping pulseline2service.exe
2018-08-25 19:00:04 - ProcessKill 1548
2018-08-25 19:00:04 - Found child process: 6732 Name: node.exe
2018-08-25 19:00:04 - Stopping process 6732
2018-08-25 19:00:04 - Send SIGINT 6732
2018-08-25 19:00:04 - SIGINT to 6732 failed - Killing as fallback
2018-08-25 19:00:04 - Stopping process 1548
2018-08-25 19:00:04 - Send SIGINT 1548
2018-08-25 19:00:04 - SIGINT to1548 successful
2018-08-25 19:00:04 - Finished pulseline2service.exe
2018-08-25 19:00:07 - Starting C:\Program Files\nodejs\node.exe  --harmony C:\Users\User\AppData\Roaming\npm\node_modules\node-windows\lib\wrapper.js --file C:\PULSE\Main\L2\PCL-Cuernavaca-Mexico-Line-2\mex_cue_pcl_line2_wise__old.js --log "PULSE line2 SERVICE wrapper" --grow 0.25 --wait 1 --maxrestarts 3 --abortonerror n --stopparentfirst undefined
2018-08-25 19:00:07 - Started 7040
2018-08-25 20:00:04 - Stopping pulseline2service.exe
2018-08-25 20:00:04 - ProcessKill 7040
2018-08-25 20:00:04 - Found child process: 5588 Name: node.exe
2018-08-25 20:00:04 - Stopping process 5588
2018-08-25 20:00:04 - Send SIGINT 5588
2018-08-25 20:00:04 - SIGINT to 5588 failed - Killing as fallback
2018-08-25 20:00:04 - Stopping process 7040
2018-08-25 20:00:04 - Send SIGINT 7040
2018-08-25 20:00:04 - SIGINT to7040 successful
2018-08-25 20:00:04 - Finished pulseline2service.exe
2018-08-25 20:00:07 - Starting C:\Program Files\nodejs\node.exe  --harmony C:\Users\User\AppData\Roaming\npm\node_modules\node-windows\lib\wrapper.js --file C:\PULSE\Main\L2\PCL-Cuernavaca-Mexico-Line-2\mex_cue_pcl_line2_wise__old.js --log "PULSE line2 SERVICE wrapper" --grow 0.25 --wait 1 --maxrestarts 3 --abortonerror n --stopparentfirst undefined
2018-08-25 20:00:07 - Started 6264
2018-08-25 21:00:04 - Stopping pulseline2service.exe
2018-08-25 21:00:04 - ProcessKill 6264
2018-08-25 21:00:04 - Found child process: 6640 Name: node.exe
2018-08-25 21:00:04 - Stopping process 6640
2018-08-25 21:00:04 - Send SIGINT 6640
2018-08-25 21:00:04 - SIGINT to 6640 failed - Killing as fallback
2018-08-25 21:00:04 - Stopping process 6264
2018-08-25 21:00:04 - Send SIGINT 6264
2018-08-25 21:00:04 - SIGINT to6264 successful
2018-08-25 21:00:04 - Finished pulseline2service.exe
2018-08-25 21:00:07 - Starting C:\Program Files\nodejs\node.exe  --harmony C:\Users\User\AppData\Roaming\npm\node_modules\node-windows\lib\wrapper.js --file C:\PULSE\Main\L2\PCL-Cuernavaca-Mexico-Line-2\mex_cue_pcl_line2_wise__old.js --log "PULSE line2 SERVICE wrapper" --grow 0.25 --wait 1 --maxrestarts 3 --abortonerror n --stopparentfirst undefined
2018-08-25 21:00:07 - Started 6192
2018-08-25 22:00:04 - Stopping pulseline2service.exe
2018-08-25 22:00:04 - ProcessKill 6192
2018-08-25 22:00:04 - Found child process: 2844 Name: node.exe
2018-08-25 22:00:04 - Stopping process 2844
2018-08-25 22:00:04 - Send SIGINT 2844
2018-08-25 22:00:04 - SIGINT to 2844 failed - Killing as fallback
2018-08-25 22:00:04 - Stopping process 6192
2018-08-25 22:00:04 - Send SIGINT 6192
2018-08-25 22:00:04 - SIGINT to6192 successful
2018-08-25 22:00:04 - Finished pulseline2service.exe
2018-08-25 22:00:07 - Starting C:\Program Files\nodejs\node.exe  --harmony C:\Users\User\AppData\Roaming\npm\node_modules\node-windows\lib\wrapper.js --file C:\PULSE\Main\L2\PCL-Cuernavaca-Mexico-Line-2\mex_cue_pcl_line2_wise__old.js --log "PULSE line2 SERVICE wrapper" --grow 0.25 --wait 1 --maxrestarts 3 --abortonerror n --stopparentfirst undefined
2018-08-25 22:00:07 - Started 5964
2018-08-25 23:00:04 - Stopping pulseline2service.exe
2018-08-25 23:00:04 - ProcessKill 5964
2018-08-25 23:00:04 - Found child process: 4424 Name: node.exe
2018-08-25 23:00:04 - Stopping process 4424
2018-08-25 23:00:04 - Send SIGINT 4424
2018-08-25 23:00:04 - SIGINT to 4424 failed - Killing as fallback
2018-08-25 23:00:04 - Stopping process 5964
2018-08-25 23:00:04 - Send SIGINT 5964
2018-08-25 23:00:04 - SIGINT to5964 successful
2018-08-25 23:00:04 - Finished pulseline2service.exe
2018-08-25 23:00:07 - Starting C:\Program Files\nodejs\node.exe  --harmony C:\Users\User\AppData\Roaming\npm\node_modules\node-windows\lib\wrapper.js --file C:\PULSE\Main\L2\PCL-Cuernavaca-Mexico-Line-2\mex_cue_pcl_line2_wise__old.js --log "PULSE line2 SERVICE wrapper" --grow 0.25 --wait 1 --maxrestarts 3 --abortonerror n --stopparentfirst undefined
2018-08-25 23:00:07 - Started 5200
2018-08-26 00:00:04 - Stopping pulseline2service.exe
2018-08-26 00:00:04 - ProcessKill 5200
2018-08-26 00:00:04 - Found child process: 7108 Name: node.exe
2018-08-26 00:00:04 - Stopping process 7108
2018-08-26 00:00:04 - Send SIGINT 7108
2018-08-26 00:00:04 - SIGINT to 7108 failed - Killing as fallback
2018-08-26 00:00:04 - Stopping process 5200
2018-08-26 00:00:04 - Send SIGINT 5200
2018-08-26 00:00:04 - SIGINT to5200 successful
2018-08-26 00:00:04 - Finished pulseline2service.exe
2018-08-26 00:00:07 - Starting C:\Program Files\nodejs\node.exe  --harmony C:\Users\User\AppData\Roaming\npm\node_modules\node-windows\lib\wrapper.js --file C:\PULSE\Main\L2\PCL-Cuernavaca-Mexico-Line-2\mex_cue_pcl_line2_wise__old.js --log "PULSE line2 SERVICE wrapper" --grow 0.25 --wait 1 --maxrestarts 3 --abortonerror n --stopparentfirst undefined
2018-08-26 00:00:07 - Started 1404
2018-08-26 01:00:04 - Stopping pulseline2service.exe
2018-08-26 01:00:04 - ProcessKill 1404
2018-08-26 01:00:04 - Found child process: 916 Name: node.exe
2018-08-26 01:00:04 - Stopping process 916
2018-08-26 01:00:04 - Send SIGINT 916
2018-08-26 01:00:04 - SIGINT to 916 failed - Killing as fallback
2018-08-26 01:00:04 - Stopping process 1404
2018-08-26 01:00:04 - Send SIGINT 1404
2018-08-26 01:00:04 - SIGINT to1404 successful
2018-08-26 01:00:04 - Finished pulseline2service.exe
2018-08-26 01:00:07 - Starting C:\Program Files\nodejs\node.exe  --harmony C:\Users\User\AppData\Roaming\npm\node_modules\node-windows\lib\wrapper.js --file C:\PULSE\Main\L2\PCL-Cuernavaca-Mexico-Line-2\mex_cue_pcl_line2_wise__old.js --log "PULSE line2 SERVICE wrapper" --grow 0.25 --wait 1 --maxrestarts 3 --abortonerror n --stopparentfirst undefined
2018-08-26 01:00:07 - Started 3612
2018-08-26 02:00:04 - Stopping pulseline2service.exe
2018-08-26 02:00:04 - ProcessKill 3612
2018-08-26 02:00:04 - Found child process: 4424 Name: node.exe
2018-08-26 02:00:04 - Stopping process 4424
2018-08-26 02:00:04 - Send SIGINT 4424
2018-08-26 02:00:04 - SIGINT to 4424 failed - Killing as fallback
2018-08-26 02:00:04 - Stopping process 3612
2018-08-26 02:00:04 - Send SIGINT 3612
2018-08-26 02:00:04 - SIGINT to3612 successful
2018-08-26 02:00:04 - Finished pulseline2service.exe
2018-08-26 02:00:07 - Starting C:\Program Files\nodejs\node.exe  --harmony C:\Users\User\AppData\Roaming\npm\node_modules\node-windows\lib\wrapper.js --file C:\PULSE\Main\L2\PCL-Cuernavaca-Mexico-Line-2\mex_cue_pcl_line2_wise__old.js --log "PULSE line2 SERVICE wrapper" --grow 0.25 --wait 1 --maxrestarts 3 --abortonerror n --stopparentfirst undefined
2018-08-26 02:00:07 - Started 6432
2018-08-26 03:00:04 - Stopping pulseline2service.exe
2018-08-26 03:00:04 - ProcessKill 6432
2018-08-26 03:00:04 - Found child process: 3952 Name: node.exe
2018-08-26 03:00:04 - Stopping process 3952
2018-08-26 03:00:04 - Send SIGINT 3952
2018-08-26 03:00:04 - SIGINT to 3952 failed - Killing as fallback
2018-08-26 03:00:04 - Stopping process 6432
2018-08-26 03:00:04 - Send SIGINT 6432
2018-08-26 03:00:04 - SIGINT to6432 successful
2018-08-26 03:00:04 - Finished pulseline2service.exe
2018-08-26 03:00:07 - Starting C:\Program Files\nodejs\node.exe  --harmony C:\Users\User\AppData\Roaming\npm\node_modules\node-windows\lib\wrapper.js --file C:\PULSE\Main\L2\PCL-Cuernavaca-Mexico-Line-2\mex_cue_pcl_line2_wise__old.js --log "PULSE line2 SERVICE wrapper" --grow 0.25 --wait 1 --maxrestarts 3 --abortonerror n --stopparentfirst undefined
2018-08-26 03:00:07 - Started 2632
2018-08-26 04:00:04 - Stopping pulseline2service.exe
2018-08-26 04:00:04 - ProcessKill 2632
2018-08-26 04:00:04 - Found child process: 7152 Name: node.exe
2018-08-26 04:00:04 - Stopping process 7152
2018-08-26 04:00:04 - Send SIGINT 7152
2018-08-26 04:00:04 - SIGINT to 7152 failed - Killing as fallback
2018-08-26 04:00:04 - Stopping process 2632
2018-08-26 04:00:04 - Send SIGINT 2632
2018-08-26 04:00:04 - SIGINT to2632 successful
2018-08-26 04:00:04 - Finished pulseline2service.exe
2018-08-26 04:00:07 - Starting C:\Program Files\nodejs\node.exe  --harmony C:\Users\User\AppData\Roaming\npm\node_modules\node-windows\lib\wrapper.js --file C:\PULSE\Main\L2\PCL-Cuernavaca-Mexico-Line-2\mex_cue_pcl_line2_wise__old.js --log "PULSE line2 SERVICE wrapper" --grow 0.25 --wait 1 --maxrestarts 3 --abortonerror n --stopparentfirst undefined
2018-08-26 04:00:07 - Started 5492
2018-08-26 05:00:04 - Stopping pulseline2service.exe
2018-08-26 05:00:04 - ProcessKill 5492
2018-08-26 05:00:04 - Found child process: 6804 Name: node.exe
2018-08-26 05:00:04 - Stopping process 6804
2018-08-26 05:00:04 - Send SIGINT 6804
2018-08-26 05:00:04 - SIGINT to 6804 failed - Killing as fallback
2018-08-26 05:00:04 - Stopping process 5492
2018-08-26 05:00:04 - Send SIGINT 5492
2018-08-26 05:00:04 - SIGINT to5492 successful
2018-08-26 05:00:04 - Finished pulseline2service.exe
2018-08-26 05:00:07 - Starting C:\Program Files\nodejs\node.exe  --harmony C:\Users\User\AppData\Roaming\npm\node_modules\node-windows\lib\wrapper.js --file C:\PULSE\Main\L2\PCL-Cuernavaca-Mexico-Line-2\mex_cue_pcl_line2_wise__old.js --log "PULSE line2 SERVICE wrapper" --grow 0.25 --wait 1 --maxrestarts 3 --abortonerror n --stopparentfirst undefined
2018-08-26 05:00:07 - Started 3628
2018-08-26 06:00:04 - Stopping pulseline2service.exe
2018-08-26 06:00:04 - ProcessKill 3628
2018-08-26 06:00:04 - Found child process: 4412 Name: node.exe
2018-08-26 06:00:04 - Stopping process 4412
2018-08-26 06:00:04 - Send SIGINT 4412
2018-08-26 06:00:04 - SIGINT to 4412 failed - Killing as fallback
2018-08-26 06:00:04 - Stopping process 3628
2018-08-26 06:00:04 - Send SIGINT 3628
2018-08-26 06:00:04 - SIGINT to3628 successful
2018-08-26 06:00:04 - Finished pulseline2service.exe
2018-08-26 06:00:07 - Starting C:\Program Files\nodejs\node.exe  --harmony C:\Users\User\AppData\Roaming\npm\node_modules\node-windows\lib\wrapper.js --file C:\PULSE\Main\L2\PCL-Cuernavaca-Mexico-Line-2\mex_cue_pcl_line2_wise__old.js --log "PULSE line2 SERVICE wrapper" --grow 0.25 --wait 1 --maxrestarts 3 --abortonerror n --stopparentfirst undefined
2018-08-26 06:00:07 - Started 368
2018-08-26 07:00:04 - Stopping pulseline2service.exe
2018-08-26 07:00:04 - ProcessKill 368
2018-08-26 07:00:04 - Found child process: 6880 Name: node.exe
2018-08-26 07:00:04 - Stopping process 6880
2018-08-26 07:00:04 - Send SIGINT 6880
2018-08-26 07:00:04 - SIGINT to 6880 failed - Killing as fallback
2018-08-26 07:00:04 - Stopping process 368
2018-08-26 07:00:04 - Send SIGINT 368
2018-08-26 07:00:04 - SIGINT to368 successful
2018-08-26 07:00:04 - Finished pulseline2service.exe
2018-08-26 07:00:07 - Starting C:\Program Files\nodejs\node.exe  --harmony C:\Users\User\AppData\Roaming\npm\node_modules\node-windows\lib\wrapper.js --file C:\PULSE\Main\L2\PCL-Cuernavaca-Mexico-Line-2\mex_cue_pcl_line2_wise__old.js --log "PULSE line2 SERVICE wrapper" --grow 0.25 --wait 1 --maxrestarts 3 --abortonerror n --stopparentfirst undefined
2018-08-26 07:00:07 - Started 1920
2018-08-26 08:00:04 - Stopping pulseline2service.exe
2018-08-26 08:00:04 - ProcessKill 1920
2018-08-26 08:00:04 - Found child process: 6772 Name: node.exe
2018-08-26 08:00:04 - Stopping process 6772
2018-08-26 08:00:04 - Send SIGINT 6772
2018-08-26 08:00:04 - SIGINT to 6772 failed - Killing as fallback
2018-08-26 08:00:04 - Stopping process 1920
2018-08-26 08:00:04 - Send SIGINT 1920
2018-08-26 08:00:04 - SIGINT to1920 successful
2018-08-26 08:00:04 - Finished pulseline2service.exe
2018-08-26 08:00:07 - Starting C:\Program Files\nodejs\node.exe  --harmony C:\Users\User\AppData\Roaming\npm\node_modules\node-windows\lib\wrapper.js --file C:\PULSE\Main\L2\PCL-Cuernavaca-Mexico-Line-2\mex_cue_pcl_line2_wise__old.js --log "PULSE line2 SERVICE wrapper" --grow 0.25 --wait 1 --maxrestarts 3 --abortonerror n --stopparentfirst undefined
2018-08-26 08:00:07 - Started 1888
2018-08-26 09:00:04 - Stopping pulseline2service.exe
2018-08-26 09:00:04 - ProcessKill 1888
2018-08-26 09:00:04 - Found child process: 6980 Name: node.exe
2018-08-26 09:00:04 - Stopping process 6980
2018-08-26 09:00:04 - Send SIGINT 6980
2018-08-26 09:00:04 - SIGINT to 6980 failed - Killing as fallback
2018-08-26 09:00:04 - Stopping process 1888
2018-08-26 09:00:04 - Send SIGINT 1888
2018-08-26 09:00:04 - SIGINT to1888 successful
2018-08-26 09:00:04 - Finished pulseline2service.exe
2018-08-26 09:00:07 - Starting C:\Program Files\nodejs\node.exe  --harmony C:\Users\User\AppData\Roaming\npm\node_modules\node-windows\lib\wrapper.js --file C:\PULSE\Main\L2\PCL-Cuernavaca-Mexico-Line-2\mex_cue_pcl_line2_wise__old.js --log "PULSE line2 SERVICE wrapper" --grow 0.25 --wait 1 --maxrestarts 3 --abortonerror n --stopparentfirst undefined
2018-08-26 09:00:07 - Started 2440
2018-08-26 10:00:04 - Stopping pulseline2service.exe
2018-08-26 10:00:04 - ProcessKill 2440
2018-08-26 10:00:04 - Found child process: 6296 Name: node.exe
2018-08-26 10:00:04 - Stopping process 6296
2018-08-26 10:00:04 - Send SIGINT 6296
2018-08-26 10:00:04 - SIGINT to 6296 failed - Killing as fallback
2018-08-26 10:00:04 - Stopping process 2440
2018-08-26 10:00:04 - Send SIGINT 2440
2018-08-26 10:00:04 - SIGINT to2440 successful
2018-08-26 10:00:04 - Finished pulseline2service.exe
2018-08-26 10:00:07 - Starting C:\Program Files\nodejs\node.exe  --harmony C:\Users\User\AppData\Roaming\npm\node_modules\node-windows\lib\wrapper.js --file C:\PULSE\Main\L2\PCL-Cuernavaca-Mexico-Line-2\mex_cue_pcl_line2_wise__old.js --log "PULSE line2 SERVICE wrapper" --grow 0.25 --wait 1 --maxrestarts 3 --abortonerror n --stopparentfirst undefined
2018-08-26 10:00:07 - Started 2180
2018-08-26 11:00:04 - Stopping pulseline2service.exe
2018-08-26 11:00:04 - ProcessKill 2180
2018-08-26 11:00:04 - Found child process: 2208 Name: node.exe
2018-08-26 11:00:04 - Stopping process 2208
2018-08-26 11:00:04 - Send SIGINT 2208
2018-08-26 11:00:04 - SIGINT to 2208 failed - Killing as fallback
2018-08-26 11:00:04 - Stopping process 2180
2018-08-26 11:00:04 - Send SIGINT 2180
2018-08-26 11:00:04 - SIGINT to2180 successful
2018-08-26 11:00:04 - Finished pulseline2service.exe
2018-08-26 11:00:07 - Starting C:\Program Files\nodejs\node.exe  --harmony C:\Users\User\AppData\Roaming\npm\node_modules\node-windows\lib\wrapper.js --file C:\PULSE\Main\L2\PCL-Cuernavaca-Mexico-Line-2\mex_cue_pcl_line2_wise__old.js --log "PULSE line2 SERVICE wrapper" --grow 0.25 --wait 1 --maxrestarts 3 --abortonerror n --stopparentfirst undefined
2018-08-26 11:00:07 - Started 2888
2018-08-26 12:00:04 - Stopping pulseline2service.exe
2018-08-26 12:00:04 - ProcessKill 2888
2018-08-26 12:00:04 - Found child process: 6896 Name: node.exe
2018-08-26 12:00:04 - Stopping process 6896
2018-08-26 12:00:04 - Send SIGINT 6896
2018-08-26 12:00:04 - SIGINT to 6896 failed - Killing as fallback
2018-08-26 12:00:04 - Stopping process 2888
2018-08-26 12:00:04 - Send SIGINT 2888
2018-08-26 12:00:04 - SIGINT to2888 successful
2018-08-26 12:00:04 - Finished pulseline2service.exe
2018-08-26 12:00:07 - Starting C:\Program Files\nodejs\node.exe  --harmony C:\Users\User\AppData\Roaming\npm\node_modules\node-windows\lib\wrapper.js --file C:\PULSE\Main\L2\PCL-Cuernavaca-Mexico-Line-2\mex_cue_pcl_line2_wise__old.js --log "PULSE line2 SERVICE wrapper" --grow 0.25 --wait 1 --maxrestarts 3 --abortonerror n --stopparentfirst undefined
2018-08-26 12:00:07 - Started 4116
2018-08-26 13:00:04 - Stopping pulseline2service.exe
2018-08-26 13:00:04 - ProcessKill 4116
2018-08-26 13:00:04 - Found child process: 5304 Name: node.exe
2018-08-26 13:00:04 - Stopping process 5304
2018-08-26 13:00:04 - Send SIGINT 5304
2018-08-26 13:00:04 - SIGINT to 5304 failed - Killing as fallback
2018-08-26 13:00:04 - Stopping process 4116
2018-08-26 13:00:04 - Send SIGINT 4116
2018-08-26 13:00:04 - SIGINT to4116 successful
2018-08-26 13:00:04 - Finished pulseline2service.exe
2018-08-26 13:00:07 - Starting C:\Program Files\nodejs\node.exe  --harmony C:\Users\User\AppData\Roaming\npm\node_modules\node-windows\lib\wrapper.js --file C:\PULSE\Main\L2\PCL-Cuernavaca-Mexico-Line-2\mex_cue_pcl_line2_wise__old.js --log "PULSE line2 SERVICE wrapper" --grow 0.25 --wait 1 --maxrestarts 3 --abortonerror n --stopparentfirst undefined
2018-08-26 13:00:07 - Started 4788
2018-08-26 14:00:04 - Stopping pulseline2service.exe
2018-08-26 14:00:04 - ProcessKill 4788
2018-08-26 14:00:04 - Found child process: 1996 Name: node.exe
2018-08-26 14:00:04 - Stopping process 1996
2018-08-26 14:00:04 - Send SIGINT 1996
2018-08-26 14:00:04 - SIGINT to 1996 failed - Killing as fallback
2018-08-26 14:00:04 - Stopping process 4788
2018-08-26 14:00:04 - Send SIGINT 4788
2018-08-26 14:00:04 - SIGINT to4788 successful
2018-08-26 14:00:04 - Finished pulseline2service.exe
2018-08-26 14:00:07 - Starting C:\Program Files\nodejs\node.exe  --harmony C:\Users\User\AppData\Roaming\npm\node_modules\node-windows\lib\wrapper.js --file C:\PULSE\Main\L2\PCL-Cuernavaca-Mexico-Line-2\mex_cue_pcl_line2_wise__old.js --log "PULSE line2 SERVICE wrapper" --grow 0.25 --wait 1 --maxrestarts 3 --abortonerror n --stopparentfirst undefined
2018-08-26 14:00:07 - Started 1980
2018-08-26 15:00:05 - Stopping pulseline2service.exe
2018-08-26 15:00:05 - ProcessKill 1980
2018-08-26 15:00:05 - Found child process: 4116 Name: node.exe
2018-08-26 15:00:05 - Stopping process 4116
2018-08-26 15:00:05 - Send SIGINT 4116
2018-08-26 15:00:05 - SIGINT to 4116 failed - Killing as fallback
2018-08-26 15:00:05 - Stopping process 1980
2018-08-26 15:00:05 - Send SIGINT 1980
2018-08-26 15:00:05 - SIGINT to1980 successful
2018-08-26 15:00:05 - Finished pulseline2service.exe
2018-08-26 15:00:07 - Starting C:\Program Files\nodejs\node.exe  --harmony C:\Users\User\AppData\Roaming\npm\node_modules\node-windows\lib\wrapper.js --file C:\PULSE\Main\L2\PCL-Cuernavaca-Mexico-Line-2\mex_cue_pcl_line2_wise__old.js --log "PULSE line2 SERVICE wrapper" --grow 0.25 --wait 1 --maxrestarts 3 --abortonerror n --stopparentfirst undefined
2018-08-26 15:00:07 - Started 2848
2018-08-26 16:00:04 - Stopping pulseline2service.exe
2018-08-26 16:00:04 - ProcessKill 2848
2018-08-26 16:00:04 - Found child process: 5160 Name: node.exe
2018-08-26 16:00:04 - Stopping process 5160
2018-08-26 16:00:04 - Send SIGINT 5160
2018-08-26 16:00:04 - SIGINT to 5160 failed - Killing as fallback
2018-08-26 16:00:04 - Stopping process 2848
2018-08-26 16:00:04 - Send SIGINT 2848
2018-08-26 16:00:04 - SIGINT to2848 successful
2018-08-26 16:00:04 - Finished pulseline2service.exe
2018-08-26 16:00:07 - Starting C:\Program Files\nodejs\node.exe  --harmony C:\Users\User\AppData\Roaming\npm\node_modules\node-windows\lib\wrapper.js --file C:\PULSE\Main\L2\PCL-Cuernavaca-Mexico-Line-2\mex_cue_pcl_line2_wise__old.js --log "PULSE line2 SERVICE wrapper" --grow 0.25 --wait 1 --maxrestarts 3 --abortonerror n --stopparentfirst undefined
2018-08-26 16:00:07 - Started 4144
2018-08-26 17:00:04 - Stopping pulseline2service.exe
2018-08-26 17:00:04 - ProcessKill 4144
2018-08-26 17:00:04 - Found child process: 1280 Name: node.exe
2018-08-26 17:00:04 - Stopping process 1280
2018-08-26 17:00:04 - Send SIGINT 1280
2018-08-26 17:00:04 - SIGINT to 1280 failed - Killing as fallback
2018-08-26 17:00:04 - Stopping process 4144
2018-08-26 17:00:04 - Send SIGINT 4144
2018-08-26 17:00:04 - SIGINT to4144 successful
2018-08-26 17:00:04 - Finished pulseline2service.exe
2018-08-26 17:00:07 - Starting C:\Program Files\nodejs\node.exe  --harmony C:\Users\User\AppData\Roaming\npm\node_modules\node-windows\lib\wrapper.js --file C:\PULSE\Main\L2\PCL-Cuernavaca-Mexico-Line-2\mex_cue_pcl_line2_wise__old.js --log "PULSE line2 SERVICE wrapper" --grow 0.25 --wait 1 --maxrestarts 3 --abortonerror n --stopparentfirst undefined
2018-08-26 17:00:07 - Started 2692
2018-08-26 18:00:04 - Stopping pulseline2service.exe
2018-08-26 18:00:04 - ProcessKill 2692
2018-08-26 18:00:04 - Found child process: 2260 Name: node.exe
2018-08-26 18:00:04 - Stopping process 2260
2018-08-26 18:00:04 - Send SIGINT 2260
2018-08-26 18:00:04 - SIGINT to 2260 failed - Killing as fallback
2018-08-26 18:00:04 - Stopping process 2692
2018-08-26 18:00:04 - Send SIGINT 2692
2018-08-26 18:00:04 - SIGINT to2692 successful
2018-08-26 18:00:04 - Finished pulseline2service.exe
2018-08-26 18:00:07 - Starting C:\Program Files\nodejs\node.exe  --harmony C:\Users\User\AppData\Roaming\npm\node_modules\node-windows\lib\wrapper.js --file C:\PULSE\Main\L2\PCL-Cuernavaca-Mexico-Line-2\mex_cue_pcl_line2_wise__old.js --log "PULSE line2 SERVICE wrapper" --grow 0.25 --wait 1 --maxrestarts 3 --abortonerror n --stopparentfirst undefined
2018-08-26 18:00:07 - Started 6516
2018-08-26 19:00:04 - Stopping pulseline2service.exe
2018-08-26 19:00:04 - ProcessKill 6516
2018-08-26 19:00:04 - Found child process: 4412 Name: node.exe
2018-08-26 19:00:04 - Stopping process 4412
2018-08-26 19:00:04 - Send SIGINT 4412
2018-08-26 19:00:04 - SIGINT to 4412 failed - Killing as fallback
2018-08-26 19:00:04 - Stopping process 6516
2018-08-26 19:00:04 - Send SIGINT 6516
2018-08-26 19:00:04 - SIGINT to6516 successful
2018-08-26 19:00:04 - Finished pulseline2service.exe
2018-08-26 19:00:07 - Starting C:\Program Files\nodejs\node.exe  --harmony C:\Users\User\AppData\Roaming\npm\node_modules\node-windows\lib\wrapper.js --file C:\PULSE\Main\L2\PCL-Cuernavaca-Mexico-Line-2\mex_cue_pcl_line2_wise__old.js --log "PULSE line2 SERVICE wrapper" --grow 0.25 --wait 1 --maxrestarts 3 --abortonerror n --stopparentfirst undefined
2018-08-26 19:00:07 - Started 1096
2018-08-26 20:00:04 - Stopping pulseline2service.exe
2018-08-26 20:00:04 - ProcessKill 1096
2018-08-26 20:00:04 - Found child process: 3088 Name: node.exe
2018-08-26 20:00:04 - Stopping process 3088
2018-08-26 20:00:04 - Send SIGINT 3088
2018-08-26 20:00:04 - SIGINT to 3088 failed - Killing as fallback
2018-08-26 20:00:04 - Stopping process 1096
2018-08-26 20:00:04 - Send SIGINT 1096
2018-08-26 20:00:04 - SIGINT to1096 successful
2018-08-26 20:00:04 - Finished pulseline2service.exe
2018-08-26 20:00:07 - Starting C:\Program Files\nodejs\node.exe  --harmony C:\Users\User\AppData\Roaming\npm\node_modules\node-windows\lib\wrapper.js --file C:\PULSE\Main\L2\PCL-Cuernavaca-Mexico-Line-2\mex_cue_pcl_line2_wise__old.js --log "PULSE line2 SERVICE wrapper" --grow 0.25 --wait 1 --maxrestarts 3 --abortonerror n --stopparentfirst undefined
2018-08-26 20:00:07 - Started 5888
2018-08-26 21:00:04 - Stopping pulseline2service.exe
2018-08-26 21:00:04 - ProcessKill 5888
2018-08-26 21:00:04 - Found child process: 6760 Name: node.exe
2018-08-26 21:00:04 - Stopping process 6760
2018-08-26 21:00:04 - Send SIGINT 6760
2018-08-26 21:00:04 - SIGINT to 6760 failed - Killing as fallback
2018-08-26 21:00:04 - Stopping process 5888
2018-08-26 21:00:04 - Send SIGINT 5888
2018-08-26 21:00:04 - SIGINT to5888 successful
2018-08-26 21:00:04 - Finished pulseline2service.exe
2018-08-26 21:00:07 - Starting C:\Program Files\nodejs\node.exe  --harmony C:\Users\User\AppData\Roaming\npm\node_modules\node-windows\lib\wrapper.js --file C:\PULSE\Main\L2\PCL-Cuernavaca-Mexico-Line-2\mex_cue_pcl_line2_wise__old.js --log "PULSE line2 SERVICE wrapper" --grow 0.25 --wait 1 --maxrestarts 3 --abortonerror n --stopparentfirst undefined
2018-08-26 21:00:07 - Started 5692
2018-08-26 22:00:04 - Stopping pulseline2service.exe
2018-08-26 22:00:04 - ProcessKill 5692
2018-08-26 22:00:04 - Found child process: 2528 Name: node.exe
2018-08-26 22:00:04 - Stopping process 2528
2018-08-26 22:00:04 - Send SIGINT 2528
2018-08-26 22:00:04 - SIGINT to 2528 failed - Killing as fallback
2018-08-26 22:00:04 - Stopping process 5692
2018-08-26 22:00:04 - Send SIGINT 5692
2018-08-26 22:00:05 - SIGINT to5692 successful
2018-08-26 22:00:05 - Finished pulseline2service.exe
2018-08-26 22:00:07 - Starting C:\Program Files\nodejs\node.exe  --harmony C:\Users\User\AppData\Roaming\npm\node_modules\node-windows\lib\wrapper.js --file C:\PULSE\Main\L2\PCL-Cuernavaca-Mexico-Line-2\mex_cue_pcl_line2_wise__old.js --log "PULSE line2 SERVICE wrapper" --grow 0.25 --wait 1 --maxrestarts 3 --abortonerror n --stopparentfirst undefined
2018-08-26 22:00:07 - Started 4772
2018-08-26 23:00:04 - Stopping pulseline2service.exe
2018-08-26 23:00:04 - ProcessKill 4772
2018-08-26 23:00:04 - Found child process: 1492 Name: node.exe
2018-08-26 23:00:04 - Stopping process 1492
2018-08-26 23:00:04 - Send SIGINT 1492
2018-08-26 23:00:04 - SIGINT to 1492 failed - Killing as fallback
2018-08-26 23:00:04 - Stopping process 4772
2018-08-26 23:00:04 - Send SIGINT 4772
2018-08-26 23:00:04 - SIGINT to4772 successful
2018-08-26 23:00:04 - Finished pulseline2service.exe
2018-08-26 23:00:07 - Starting C:\Program Files\nodejs\node.exe  --harmony C:\Users\User\AppData\Roaming\npm\node_modules\node-windows\lib\wrapper.js --file C:\PULSE\Main\L2\PCL-Cuernavaca-Mexico-Line-2\mex_cue_pcl_line2_wise__old.js --log "PULSE line2 SERVICE wrapper" --grow 0.25 --wait 1 --maxrestarts 3 --abortonerror n --stopparentfirst undefined
2018-08-26 23:00:07 - Started 6260
2018-08-27 00:00:04 - Stopping pulseline2service.exe
2018-08-27 00:00:04 - ProcessKill 6260
2018-08-27 00:00:04 - Found child process: 1776 Name: node.exe
2018-08-27 00:00:04 - Stopping process 1776
2018-08-27 00:00:04 - Send SIGINT 1776
2018-08-27 00:00:04 - SIGINT to 1776 failed - Killing as fallback
2018-08-27 00:00:04 - Stopping process 6260
2018-08-27 00:00:04 - Send SIGINT 6260
2018-08-27 00:00:04 - SIGINT to6260 successful
2018-08-27 00:00:04 - Finished pulseline2service.exe
2018-08-27 00:00:07 - Starting C:\Program Files\nodejs\node.exe  --harmony C:\Users\User\AppData\Roaming\npm\node_modules\node-windows\lib\wrapper.js --file C:\PULSE\Main\L2\PCL-Cuernavaca-Mexico-Line-2\mex_cue_pcl_line2_wise__old.js --log "PULSE line2 SERVICE wrapper" --grow 0.25 --wait 1 --maxrestarts 3 --abortonerror n --stopparentfirst undefined
2018-08-27 00:00:07 - Started 6004
2018-08-27 01:00:04 - Stopping pulseline2service.exe
2018-08-27 01:00:04 - ProcessKill 6004
2018-08-27 01:00:04 - Found child process: 6164 Name: node.exe
2018-08-27 01:00:04 - Stopping process 6164
2018-08-27 01:00:04 - Send SIGINT 6164
2018-08-27 01:00:04 - SIGINT to 6164 failed - Killing as fallback
2018-08-27 01:00:04 - Stopping process 6004
2018-08-27 01:00:04 - Send SIGINT 6004
2018-08-27 01:00:04 - SIGINT to6004 successful
2018-08-27 01:00:04 - Finished pulseline2service.exe
2018-08-27 01:00:07 - Starting C:\Program Files\nodejs\node.exe  --harmony C:\Users\User\AppData\Roaming\npm\node_modules\node-windows\lib\wrapper.js --file C:\PULSE\Main\L2\PCL-Cuernavaca-Mexico-Line-2\mex_cue_pcl_line2_wise__old.js --log "PULSE line2 SERVICE wrapper" --grow 0.25 --wait 1 --maxrestarts 3 --abortonerror n --stopparentfirst undefined
2018-08-27 01:00:07 - Started 1068
2018-08-27 02:00:04 - Stopping pulseline2service.exe
2018-08-27 02:00:04 - ProcessKill 1068
2018-08-27 02:00:04 - Found child process: 1172 Name: node.exe
2018-08-27 02:00:04 - Stopping process 1172
2018-08-27 02:00:04 - Send SIGINT 1172
2018-08-27 02:00:04 - SIGINT to 1172 failed - Killing as fallback
2018-08-27 02:00:04 - Stopping process 1068
2018-08-27 02:00:04 - Send SIGINT 1068
2018-08-27 02:00:04 - SIGINT to1068 successful
2018-08-27 02:00:04 - Finished pulseline2service.exe
2018-08-27 02:00:07 - Starting C:\Program Files\nodejs\node.exe  --harmony C:\Users\User\AppData\Roaming\npm\node_modules\node-windows\lib\wrapper.js --file C:\PULSE\Main\L2\PCL-Cuernavaca-Mexico-Line-2\mex_cue_pcl_line2_wise__old.js --log "PULSE line2 SERVICE wrapper" --grow 0.25 --wait 1 --maxrestarts 3 --abortonerror n --stopparentfirst undefined
2018-08-27 02:00:07 - Started 3248
2018-08-27 03:00:04 - Stopping pulseline2service.exe
2018-08-27 03:00:04 - ProcessKill 3248
2018-08-27 03:00:04 - Found child process: 2852 Name: node.exe
2018-08-27 03:00:04 - Stopping process 2852
2018-08-27 03:00:04 - Send SIGINT 2852
2018-08-27 03:00:04 - SIGINT to 2852 failed - Killing as fallback
2018-08-27 03:00:04 - Stopping process 3248
2018-08-27 03:00:04 - Send SIGINT 3248
2018-08-27 03:00:04 - SIGINT to3248 successful
2018-08-27 03:00:04 - Finished pulseline2service.exe
2018-08-27 03:00:07 - Starting C:\Program Files\nodejs\node.exe  --harmony C:\Users\User\AppData\Roaming\npm\node_modules\node-windows\lib\wrapper.js --file C:\PULSE\Main\L2\PCL-Cuernavaca-Mexico-Line-2\mex_cue_pcl_line2_wise__old.js --log "PULSE line2 SERVICE wrapper" --grow 0.25 --wait 1 --maxrestarts 3 --abortonerror n --stopparentfirst undefined
2018-08-27 03:00:07 - Started 6448
2018-08-27 04:00:04 - Stopping pulseline2service.exe
2018-08-27 04:00:04 - ProcessKill 6448
2018-08-27 04:00:04 - Found child process: 2628 Name: node.exe
2018-08-27 04:00:04 - Stopping process 2628
2018-08-27 04:00:04 - Send SIGINT 2628
2018-08-27 04:00:04 - SIGINT to 2628 failed - Killing as fallback
2018-08-27 04:00:04 - Stopping process 6448
2018-08-27 04:00:04 - Send SIGINT 6448
2018-08-27 04:00:04 - SIGINT to6448 successful
2018-08-27 04:00:04 - Finished pulseline2service.exe
2018-08-27 04:00:07 - Starting C:\Program Files\nodejs\node.exe  --harmony C:\Users\User\AppData\Roaming\npm\node_modules\node-windows\lib\wrapper.js --file C:\PULSE\Main\L2\PCL-Cuernavaca-Mexico-Line-2\mex_cue_pcl_line2_wise__old.js --log "PULSE line2 SERVICE wrapper" --grow 0.25 --wait 1 --maxrestarts 3 --abortonerror n --stopparentfirst undefined
2018-08-27 04:00:07 - Started 5008
2018-08-27 05:00:04 - Stopping pulseline2service.exe
2018-08-27 05:00:04 - ProcessKill 5008
2018-08-27 05:00:04 - Found child process: 5952 Name: node.exe
2018-08-27 05:00:04 - Stopping process 5952
2018-08-27 05:00:04 - Send SIGINT 5952
2018-08-27 05:00:04 - SIGINT to 5952 failed - Killing as fallback
2018-08-27 05:00:04 - Stopping process 5008
2018-08-27 05:00:04 - Send SIGINT 5008
2018-08-27 05:00:04 - SIGINT to5008 successful
2018-08-27 05:00:04 - Finished pulseline2service.exe
2018-08-27 05:00:07 - Starting C:\Program Files\nodejs\node.exe  --harmony C:\Users\User\AppData\Roaming\npm\node_modules\node-windows\lib\wrapper.js --file C:\PULSE\Main\L2\PCL-Cuernavaca-Mexico-Line-2\mex_cue_pcl_line2_wise__old.js --log "PULSE line2 SERVICE wrapper" --grow 0.25 --wait 1 --maxrestarts 3 --abortonerror n --stopparentfirst undefined
2018-08-27 05:00:07 - Started 2848
2018-08-27 06:00:04 - Stopping pulseline2service.exe
2018-08-27 06:00:04 - ProcessKill 2848
2018-08-27 06:00:04 - Found child process: 6316 Name: node.exe
2018-08-27 06:00:04 - Stopping process 6316
2018-08-27 06:00:04 - Send SIGINT 6316
2018-08-27 06:00:04 - SIGINT to 6316 failed - Killing as fallback
2018-08-27 06:00:04 - Stopping process 2848
2018-08-27 06:00:04 - Send SIGINT 2848
2018-08-27 06:00:04 - SIGINT to2848 successful
2018-08-27 06:00:04 - Finished pulseline2service.exe
2018-08-27 06:00:07 - Starting C:\Program Files\nodejs\node.exe  --harmony C:\Users\User\AppData\Roaming\npm\node_modules\node-windows\lib\wrapper.js --file C:\PULSE\Main\L2\PCL-Cuernavaca-Mexico-Line-2\mex_cue_pcl_line2_wise__old.js --log "PULSE line2 SERVICE wrapper" --grow 0.25 --wait 1 --maxrestarts 3 --abortonerror n --stopparentfirst undefined
2018-08-27 06:00:07 - Started 6092
2018-08-27 07:00:04 - Stopping pulseline2service.exe
2018-08-27 07:00:04 - ProcessKill 6092
2018-08-27 07:00:04 - Found child process: 7136 Name: node.exe
2018-08-27 07:00:04 - Stopping process 7136
2018-08-27 07:00:04 - Send SIGINT 7136
2018-08-27 07:00:04 - SIGINT to 7136 failed - Killing as fallback
2018-08-27 07:00:04 - Stopping process 6092
2018-08-27 07:00:04 - Send SIGINT 6092
2018-08-27 07:00:04 - SIGINT to6092 successful
2018-08-27 07:00:04 - Finished pulseline2service.exe
2018-08-27 07:00:07 - Starting C:\Program Files\nodejs\node.exe  --harmony C:\Users\User\AppData\Roaming\npm\node_modules\node-windows\lib\wrapper.js --file C:\PULSE\Main\L2\PCL-Cuernavaca-Mexico-Line-2\mex_cue_pcl_line2_wise__old.js --log "PULSE line2 SERVICE wrapper" --grow 0.25 --wait 1 --maxrestarts 3 --abortonerror n --stopparentfirst undefined
2018-08-27 07:00:07 - Started 2444
2018-08-27 08:00:04 - Stopping pulseline2service.exe
2018-08-27 08:00:04 - ProcessKill 2444
2018-08-27 08:00:04 - Found child process: 3404 Name: node.exe
2018-08-27 08:00:04 - Stopping process 3404
2018-08-27 08:00:04 - Send SIGINT 3404
2018-08-27 08:00:04 - SIGINT to 3404 failed - Killing as fallback
2018-08-27 08:00:04 - Stopping process 2444
2018-08-27 08:00:04 - Send SIGINT 2444
2018-08-27 08:00:04 - SIGINT to2444 successful
2018-08-27 08:00:04 - Finished pulseline2service.exe
2018-08-27 08:00:07 - Starting C:\Program Files\nodejs\node.exe  --harmony C:\Users\User\AppData\Roaming\npm\node_modules\node-windows\lib\wrapper.js --file C:\PULSE\Main\L2\PCL-Cuernavaca-Mexico-Line-2\mex_cue_pcl_line2_wise__old.js --log "PULSE line2 SERVICE wrapper" --grow 0.25 --wait 1 --maxrestarts 3 --abortonerror n --stopparentfirst undefined
2018-08-27 08:00:07 - Started 2612
2018-08-27 09:00:04 - Stopping pulseline2service.exe
2018-08-27 09:00:04 - ProcessKill 2612
2018-08-27 09:00:04 - Found child process: 5984 Name: node.exe
2018-08-27 09:00:04 - Stopping process 5984
2018-08-27 09:00:04 - Send SIGINT 5984
2018-08-27 09:00:04 - SIGINT to 5984 failed - Killing as fallback
2018-08-27 09:00:04 - Stopping process 2612
2018-08-27 09:00:04 - Send SIGINT 2612
2018-08-27 09:00:04 - SIGINT to2612 successful
2018-08-27 09:00:04 - Finished pulseline2service.exe
2018-08-27 09:00:07 - Starting C:\Program Files\nodejs\node.exe  --harmony C:\Users\User\AppData\Roaming\npm\node_modules\node-windows\lib\wrapper.js --file C:\PULSE\Main\L2\PCL-Cuernavaca-Mexico-Line-2\mex_cue_pcl_line2_wise__old.js --log "PULSE line2 SERVICE wrapper" --grow 0.25 --wait 1 --maxrestarts 3 --abortonerror n --stopparentfirst undefined
2018-08-27 09:00:07 - Started 1232
2018-08-27 09:38:07 - Stopping pulseline2service.exe
2018-08-27 09:38:07 - ProcessKill 1232
2018-08-27 09:38:07 - Shutdown exception
Message:A system shutdown is in progress. (Exception from HRESULT: 0x8007045B)
Stacktrace:   at System.Runtime.InteropServices.Marshal.ThrowExceptionForHRInternal(Int32 errorCode, IntPtr errorInfo)
   at System.Management.ManagementScope.InitializeGuts(Object o)
   at System.Management.ManagementScope.Initialize()
   at System.Management.ManagementObjectSearcher.Initialize()
   at System.Management.ManagementObjectSearcher.Get()
   at winsw.WrapperService.GetChildPids(Int32 pid)
   at winsw.WrapperService.StopProcessAndChildren(Int32 pid)
   at winsw.WrapperService.StopIt()
   at winsw.WrapperService.OnShutdown()
2018-08-27 09:38:34 - Starting C:\Program Files\nodejs\node.exe  --harmony C:\Users\User\AppData\Roaming\npm\node_modules\node-windows\lib\wrapper.js --file C:\PULSE\Main\L2\PCL-Cuernavaca-Mexico-Line-2\mex_cue_pcl_line2_wise__old.js --log "PULSE line2 SERVICE wrapper" --grow 0.25 --wait 1 --maxrestarts 3 --abortonerror n --stopparentfirst undefined
2018-08-27 09:38:34 - Started 2280
