events.js:160
      throw er; // Unhandled 'error' event
      ^

Error: channel closed
    at ChildProcess.target.send (internal/child_process.js:584:16)
    at process.killkid (C:\Users\User\AppData\Roaming\npm\node_modules\node-windows\lib\wrapper.js:177:11)
    at emitNone (events.js:86:13)
    at process.emit (events.js:185:7)
    at Signal.wrap.onsignal (internal/process.js:217:44)
events.js:160
      throw er; // Unhandled 'error' event
      ^

Error: channel closed
    at ChildProcess.target.send (internal/child_process.js:584:16)
    at process.killkid (C:\Users\User\AppData\Roaming\npm\node_modules\node-windows\lib\wrapper.js:177:11)
    at emitNone (events.js:86:13)
    at process.emit (events.js:185:7)
    at Signal.wrap.onsignal (internal/process.js:217:44)
events.js:160
      throw er; // Unhandled 'error' event
      ^

Error: channel closed
    at ChildProcess.target.send (internal/child_process.js:584:16)
    at process.killkid (C:\Users\User\AppData\Roaming\npm\node_modules\node-windows\lib\wrapper.js:177:11)
    at emitNone (events.js:86:13)
    at process.emit (events.js:185:7)
    at Signal.wrap.onsignal (internal/process.js:217:44)
events.js:160
      throw er; // Unhandled 'error' event
      ^

Error: channel closed
    at ChildProcess.target.send (internal/child_process.js:584:16)
    at process.killkid (C:\Users\User\AppData\Roaming\npm\node_modules\node-windows\lib\wrapper.js:177:11)
    at emitNone (events.js:86:13)
    at process.emit (events.js:185:7)
    at Signal.wrap.onsignal (internal/process.js:217:44)
events.js:160
      throw er; // Unhandled 'error' event
      ^

Error: channel closed
    at ChildProcess.target.send (internal/child_process.js:584:16)
    at process.killkid (C:\Users\User\AppData\Roaming\npm\node_modules\node-windows\lib\wrapper.js:177:11)
    at emitNone (events.js:86:13)
    at process.emit (events.js:185:7)
    at Signal.wrap.onsignal (internal/process.js:217:44)
events.js:160
      throw er; // Unhandled 'error' event
      ^

Error: channel closed
    at ChildProcess.target.send (internal/child_process.js:584:16)
    at process.killkid (C:\Users\User\AppData\Roaming\npm\node_modules\node-windows\lib\wrapper.js:177:11)
    at emitNone (events.js:86:13)
    at process.emit (events.js:185:7)
    at Signal.wrap.onsignal (internal/process.js:217:44)
events.js:160
      throw er; // Unhandled 'error' event
      ^

Error: channel closed
    at ChildProcess.target.send (internal/child_process.js:584:16)
    at process.killkid (C:\Users\User\AppData\Roaming\npm\node_modules\node-windows\lib\wrapper.js:177:11)
    at emitNone (events.js:86:13)
    at process.emit (events.js:185:7)
    at Signal.wrap.onsignal (internal/process.js:217:44)
events.js:160
      throw er; // Unhandled 'error' event
      ^

Error: channel closed
    at ChildProcess.target.send (internal/child_process.js:584:16)
    at process.killkid (C:\Users\User\AppData\Roaming\npm\node_modules\node-windows\lib\wrapper.js:177:11)
    at emitNone (events.js:86:13)
    at process.emit (events.js:185:7)
    at Signal.wrap.onsignal (internal/process.js:217:44)
events.js:160
      throw er; // Unhandled 'error' event
      ^

Error: channel closed
    at ChildProcess.target.send (internal/child_process.js:584:16)
    at process.killkid (C:\Users\User\AppData\Roaming\npm\node_modules\node-windows\lib\wrapper.js:177:11)
    at emitNone (events.js:86:13)
    at process.emit (events.js:185:7)
    at Signal.wrap.onsignal (internal/process.js:217:44)
events.js:160
      throw er; // Unhandled 'error' event
      ^

Error: channel closed
    at ChildProcess.target.send (internal/child_process.js:584:16)
    at process.killkid (C:\Users\User\AppData\Roaming\npm\node_modules\node-windows\lib\wrapper.js:177:11)
    at emitNone (events.js:86:13)
    at process.emit (events.js:185:7)
    at Signal.wrap.onsignal (internal/process.js:217:44)
events.js:160
      throw er; // Unhandled 'error' event
      ^

Error: channel closed
    at ChildProcess.target.send (internal/child_process.js:584:16)
    at process.killkid (C:\Users\User\AppData\Roaming\npm\node_modules\node-windows\lib\wrapper.js:177:11)
    at emitNone (events.js:86:13)
    at process.emit (events.js:185:7)
    at Signal.wrap.onsignal (internal/process.js:217:44)
events.js:160
      throw er; // Unhandled 'error' event
      ^

Error: channel closed
    at ChildProcess.target.send (internal/child_process.js:584:16)
    at process.killkid (C:\Users\User\AppData\Roaming\npm\node_modules\node-windows\lib\wrapper.js:177:11)
    at emitNone (events.js:86:13)
    at process.emit (events.js:185:7)
    at Signal.wrap.onsignal (internal/process.js:217:44)
C:\Users\User\AppData\Roaming\npm\node_modules\node-windows\lib\wrapper.js:177
    child.send('shutdown');
         ^

TypeError: Cannot read property 'send' of null
    at process.killkid (C:\Users\User\AppData\Roaming\npm\node_modules\node-windows\lib\wrapper.js:177:10)
    at emitNone (events.js:86:13)
    at process.emit (events.js:185:7)
    at Signal.wrap.onsignal (internal/process.js:217:44)
C:\Users\User\AppData\Roaming\npm\node_modules\node-windows\lib\wrapper.js:177
    child.send('shutdown');
         ^

TypeError: Cannot read property 'send' of null
    at process.killkid (C:\Users\User\AppData\Roaming\npm\node_modules\node-windows\lib\wrapper.js:177:10)
    at emitNone (events.js:86:13)
    at process.emit (events.js:185:7)
    at Signal.wrap.onsignal (internal/process.js:217:44)
events.js:160
      throw er; // Unhandled 'error' event
      ^

Error: channel closed
    at ChildProcess.target.send (internal/child_process.js:584:16)
    at process.killkid (C:\Users\User\AppData\Roaming\npm\node_modules\node-windows\lib\wrapper.js:177:11)
    at emitNone (events.js:86:13)
    at process.emit (events.js:185:7)
    at Signal.wrap.onsignal (internal/process.js:217:44)
C:\Users\User\AppData\Roaming\npm\node_modules\node-windows\lib\wrapper.js:177
    child.send('shutdown');
         ^

TypeError: Cannot read property 'send' of null
    at process.killkid (C:\Users\User\AppData\Roaming\npm\node_modules\node-windows\lib\wrapper.js:177:10)
    at emitNone (events.js:86:13)
    at process.emit (events.js:185:7)
    at Signal.wrap.onsignal (internal/process.js:217:44)
events.js:160
      throw er; // Unhandled 'error' event
      ^

Error: channel closed
    at ChildProcess.target.send (internal/child_process.js:584:16)
    at process.killkid (C:\Users\User\AppData\Roaming\npm\node_modules\node-windows\lib\wrapper.js:177:11)
    at emitNone (events.js:86:13)
    at process.emit (events.js:185:7)
    at Signal.wrap.onsignal (internal/process.js:217:44)
events.js:160
      throw er; // Unhandled 'error' event
      ^

Error: channel closed
    at ChildProcess.target.send (internal/child_process.js:584:16)
    at process.killkid (C:\Users\User\AppData\Roaming\npm\node_modules\node-windows\lib\wrapper.js:177:11)
    at emitNone (events.js:86:13)
    at process.emit (events.js:185:7)
    at Signal.wrap.onsignal (internal/process.js:217:44)
events.js:160
      throw er; // Unhandled 'error' event
      ^

Error: channel closed
    at ChildProcess.target.send (internal/child_process.js:584:16)
    at process.killkid (C:\Users\User\AppData\Roaming\npm\node_modules\node-windows\lib\wrapper.js:177:11)
    at emitNone (events.js:86:13)
    at process.emit (events.js:185:7)
    at Signal.wrap.onsignal (internal/process.js:217:44)
events.js:160
      throw er; // Unhandled 'error' event
      ^

Error: channel closed
    at ChildProcess.target.send (internal/child_process.js:584:16)
    at process.killkid (C:\Users\User\AppData\Roaming\npm\node_modules\node-windows\lib\wrapper.js:177:11)
    at emitNone (events.js:86:13)
    at process.emit (events.js:185:7)
    at Signal.wrap.onsignal (internal/process.js:217:44)
events.js:160
      throw er; // Unhandled 'error' event
      ^

Error: channel closed
    at ChildProcess.target.send (internal/child_process.js:584:16)
    at process.killkid (C:\Users\User\AppData\Roaming\npm\node_modules\node-windows\lib\wrapper.js:177:11)
    at emitNone (events.js:86:13)
    at process.emit (events.js:185:7)
    at Signal.wrap.onsignal (internal/process.js:217:44)
events.js:160
      throw er; // Unhandled 'error' event
      ^

Error: channel closed
    at ChildProcess.target.send (internal/child_process.js:584:16)
    at process.killkid (C:\Users\User\AppData\Roaming\npm\node_modules\node-windows\lib\wrapper.js:177:11)
    at emitNone (events.js:86:13)
    at process.emit (events.js:185:7)
    at Signal.wrap.onsignal (internal/process.js:217:44)
events.js:160
      throw er; // Unhandled 'error' event
      ^

Error: channel closed
    at ChildProcess.target.send (internal/child_process.js:584:16)
    at process.killkid (C:\Users\User\AppData\Roaming\npm\node_modules\node-windows\lib\wrapper.js:177:11)
    at emitNone (events.js:86:13)
    at process.emit (events.js:185:7)
    at Signal.wrap.onsignal (internal/process.js:217:44)
events.js:160
      throw er; // Unhandled 'error' event
      ^

Error: channel closed
    at ChildProcess.target.send (internal/child_process.js:584:16)
    at process.killkid (C:\Users\User\AppData\Roaming\npm\node_modules\node-windows\lib\wrapper.js:177:11)
    at emitNone (events.js:86:13)
    at process.emit (events.js:185:7)
    at Signal.wrap.onsignal (internal/process.js:217:44)
events.js:160
      throw er; // Unhandled 'error' event
      ^

Error: channel closed
    at ChildProcess.target.send (internal/child_process.js:584:16)
    at process.killkid (C:\Users\User\AppData\Roaming\npm\node_modules\node-windows\lib\wrapper.js:177:11)
    at emitNone (events.js:86:13)
    at process.emit (events.js:185:7)
    at Signal.wrap.onsignal (internal/process.js:217:44)
events.js:160
      throw er; // Unhandled 'error' event
      ^

Error: channel closed
    at ChildProcess.target.send (internal/child_process.js:584:16)
    at process.killkid (C:\Users\User\AppData\Roaming\npm\node_modules\node-windows\lib\wrapper.js:177:11)
    at emitNone (events.js:86:13)
    at process.emit (events.js:185:7)
    at Signal.wrap.onsignal (internal/process.js:217:44)
events.js:160
      throw er; // Unhandled 'error' event
      ^

Error: channel closed
    at ChildProcess.target.send (internal/child_process.js:584:16)
    at process.killkid (C:\Users\User\AppData\Roaming\npm\node_modules\node-windows\lib\wrapper.js:177:11)
    at emitNone (events.js:86:13)
    at process.emit (events.js:185:7)
    at Signal.wrap.onsignal (internal/process.js:217:44)
events.js:160
      throw er; // Unhandled 'error' event
      ^

Error: channel closed
    at ChildProcess.target.send (internal/child_process.js:584:16)
    at process.killkid (C:\Users\User\AppData\Roaming\npm\node_modules\node-windows\lib\wrapper.js:177:11)
    at emitNone (events.js:86:13)
    at process.emit (events.js:185:7)
    at Signal.wrap.onsignal (internal/process.js:217:44)
events.js:160
      throw er; // Unhandled 'error' event
      ^

Error: channel closed
    at ChildProcess.target.send (internal/child_process.js:584:16)
    at process.killkid (C:\Users\User\AppData\Roaming\npm\node_modules\node-windows\lib\wrapper.js:177:11)
    at emitNone (events.js:86:13)
    at process.emit (events.js:185:7)
    at Signal.wrap.onsignal (internal/process.js:217:44)
events.js:160
      throw er; // Unhandled 'error' event
      ^

Error: channel closed
    at ChildProcess.target.send (internal/child_process.js:584:16)
    at process.killkid (C:\Users\User\AppData\Roaming\npm\node_modules\node-windows\lib\wrapper.js:177:11)
    at emitNone (events.js:86:13)
    at process.emit (events.js:185:7)
    at Signal.wrap.onsignal (internal/process.js:217:44)
C:\Users\User\AppData\Roaming\npm\node_modules\node-windows\lib\wrapper.js:177
    child.send('shutdown');
         ^

TypeError: Cannot read property 'send' of null
    at process.killkid (C:\Users\User\AppData\Roaming\npm\node_modules\node-windows\lib\wrapper.js:177:10)
    at emitNone (events.js:86:13)
    at process.emit (events.js:185:7)
    at Signal.wrap.onsignal (internal/process.js:217:44)
C:\Users\User\AppData\Roaming\npm\node_modules\node-windows\lib\wrapper.js:177
    child.send('shutdown');
         ^

TypeError: Cannot read property 'send' of null
    at process.killkid (C:\Users\User\AppData\Roaming\npm\node_modules\node-windows\lib\wrapper.js:177:10)
    at emitNone (events.js:86:13)
    at process.emit (events.js:185:7)
    at Signal.wrap.onsignal (internal/process.js:217:44)
events.js:160
      throw er; // Unhandled 'error' event
      ^

Error: channel closed
    at ChildProcess.target.send (internal/child_process.js:584:16)
    at process.killkid (C:\Users\User\AppData\Roaming\npm\node_modules\node-windows\lib\wrapper.js:177:11)
    at emitNone (events.js:86:13)
    at process.emit (events.js:185:7)
    at Signal.wrap.onsignal (internal/process.js:217:44)
events.js:160
      throw er; // Unhandled 'error' event
      ^

Error: channel closed
    at ChildProcess.target.send (internal/child_process.js:584:16)
    at process.killkid (C:\Users\User\AppData\Roaming\npm\node_modules\node-windows\lib\wrapper.js:177:11)
    at emitNone (events.js:86:13)
    at process.emit (events.js:185:7)
    at Signal.wrap.onsignal (internal/process.js:217:44)
events.js:160
      throw er; // Unhandled 'error' event
      ^

Error: channel closed
    at ChildProcess.target.send (internal/child_process.js:584:16)
    at process.killkid (C:\Users\User\AppData\Roaming\npm\node_modules\node-windows\lib\wrapper.js:177:11)
    at emitNone (events.js:86:13)
    at process.emit (events.js:185:7)
    at Signal.wrap.onsignal (internal/process.js:217:44)
events.js:160
      throw er; // Unhandled 'error' event
      ^

Error: channel closed
    at ChildProcess.target.send (internal/child_process.js:584:16)
    at process.killkid (C:\Users\User\AppData\Roaming\npm\node_modules\node-windows\lib\wrapper.js:177:11)
    at emitNone (events.js:86:13)
    at process.emit (events.js:185:7)
    at Signal.wrap.onsignal (internal/process.js:217:44)
events.js:160
      throw er; // Unhandled 'error' event
      ^

Error: channel closed
    at ChildProcess.target.send (internal/child_process.js:584:16)
    at process.killkid (C:\Users\User\AppData\Roaming\npm\node_modules\node-windows\lib\wrapper.js:177:11)
    at emitNone (events.js:86:13)
    at process.emit (events.js:185:7)
    at Signal.wrap.onsignal (internal/process.js:217:44)
events.js:160
      throw er; // Unhandled 'error' event
      ^

Error: channel closed
    at ChildProcess.target.send (internal/child_process.js:584:16)
    at process.killkid (C:\Users\User\AppData\Roaming\npm\node_modules\node-windows\lib\wrapper.js:177:11)
    at emitNone (events.js:86:13)
    at process.emit (events.js:185:7)
    at Signal.wrap.onsignal (internal/process.js:217:44)
C:\Users\User\AppData\Roaming\npm\node_modules\node-windows\lib\wrapper.js:177
    child.send('shutdown');
         ^

TypeError: Cannot read property 'send' of null
    at process.killkid (C:\Users\User\AppData\Roaming\npm\node_modules\node-windows\lib\wrapper.js:177:10)
    at emitNone (events.js:86:13)
    at process.emit (events.js:185:7)
    at Signal.wrap.onsignal (internal/process.js:217:44)
events.js:160
      throw er; // Unhandled 'error' event
      ^

Error: channel closed
    at ChildProcess.target.send (internal/child_process.js:584:16)
    at process.killkid (C:\Users\User\AppData\Roaming\npm\node_modules\node-windows\lib\wrapper.js:177:11)
    at emitNone (events.js:86:13)
    at process.emit (events.js:185:7)
    at Signal.wrap.onsignal (internal/process.js:217:44)
C:\Users\User\AppData\Roaming\npm\node_modules\node-windows\lib\wrapper.js:177
    child.send('shutdown');
         ^

TypeError: Cannot read property 'send' of null
    at process.killkid (C:\Users\User\AppData\Roaming\npm\node_modules\node-windows\lib\wrapper.js:177:10)
    at emitNone (events.js:86:13)
    at process.emit (events.js:185:7)
    at Signal.wrap.onsignal (internal/process.js:217:44)
C:\Users\User\AppData\Roaming\npm\node_modules\node-windows\lib\wrapper.js:177
    child.send('shutdown');
         ^

TypeError: Cannot read property 'send' of null
    at process.killkid (C:\Users\User\AppData\Roaming\npm\node_modules\node-windows\lib\wrapper.js:177:10)
    at emitNone (events.js:86:13)
    at process.emit (events.js:185:7)
    at Signal.wrap.onsignal (internal/process.js:217:44)
events.js:160
      throw er; // Unhandled 'error' event
      ^

Error: channel closed
    at ChildProcess.target.send (internal/child_process.js:584:16)
    at process.killkid (C:\Users\User\AppData\Roaming\npm\node_modules\node-windows\lib\wrapper.js:177:11)
    at emitNone (events.js:86:13)
    at process.emit (events.js:185:7)
    at Signal.wrap.onsignal (internal/process.js:217:44)
events.js:160
      throw er; // Unhandled 'error' event
      ^

Error: channel closed
    at ChildProcess.target.send (internal/child_process.js:584:16)
    at process.killkid (C:\Users\User\AppData\Roaming\npm\node_modules\node-windows\lib\wrapper.js:177:11)
    at emitNone (events.js:86:13)
    at process.emit (events.js:185:7)
    at Signal.wrap.onsignal (internal/process.js:217:44)
events.js:160
      throw er; // Unhandled 'error' event
      ^

Error: channel closed
    at ChildProcess.target.send (internal/child_process.js:584:16)
    at process.killkid (C:\Users\User\AppData\Roaming\npm\node_modules\node-windows\lib\wrapper.js:177:11)
    at emitNone (events.js:86:13)
    at process.emit (events.js:185:7)
    at Signal.wrap.onsignal (internal/process.js:217:44)
events.js:160
      throw er; // Unhandled 'error' event
      ^

Error: channel closed
    at ChildProcess.target.send (internal/child_process.js:584:16)
    at process.killkid (C:\Users\User\AppData\Roaming\npm\node_modules\node-windows\lib\wrapper.js:177:11)
    at emitNone (events.js:86:13)
    at process.emit (events.js:185:7)
    at Signal.wrap.onsignal (internal/process.js:217:44)
events.js:160
      throw er; // Unhandled 'error' event
      ^

Error: channel closed
    at ChildProcess.target.send (internal/child_process.js:584:16)
    at process.killkid (C:\Users\User\AppData\Roaming\npm\node_modules\node-windows\lib\wrapper.js:177:11)
    at emitNone (events.js:86:13)
    at process.emit (events.js:185:7)
    at Signal.wrap.onsignal (internal/process.js:217:44)
C:\Users\User\AppData\Roaming\npm\node_modules\node-windows\lib\wrapper.js:177
    child.send('shutdown');
         ^

TypeError: Cannot read property 'send' of null
    at process.killkid (C:\Users\User\AppData\Roaming\npm\node_modules\node-windows\lib\wrapper.js:177:10)
    at emitNone (events.js:86:13)
    at process.emit (events.js:185:7)
    at Signal.wrap.onsignal (internal/process.js:217:44)
events.js:160
      throw er; // Unhandled 'error' event
      ^

Error: channel closed
    at ChildProcess.target.send (internal/child_process.js:584:16)
    at process.killkid (C:\Users\User\AppData\Roaming\npm\node_modules\node-windows\lib\wrapper.js:177:11)
    at emitNone (events.js:86:13)
    at process.emit (events.js:185:7)
    at Signal.wrap.onsignal (internal/process.js:217:44)
C:\Users\User\AppData\Roaming\npm\node_modules\node-windows\lib\wrapper.js:177
    child.send('shutdown');
         ^

TypeError: Cannot read property 'send' of null
    at process.killkid (C:\Users\User\AppData\Roaming\npm\node_modules\node-windows\lib\wrapper.js:177:10)
    at emitNone (events.js:86:13)
    at process.emit (events.js:185:7)
    at Signal.wrap.onsignal (internal/process.js:217:44)
events.js:160
      throw er; // Unhandled 'error' event
      ^

Error: channel closed
    at ChildProcess.target.send (internal/child_process.js:584:16)
    at process.killkid (C:\Users\User\AppData\Roaming\npm\node_modules\node-windows\lib\wrapper.js:177:11)
    at emitNone (events.js:86:13)
    at process.emit (events.js:185:7)
    at Signal.wrap.onsignal (internal/process.js:217:44)
events.js:160
      throw er; // Unhandled 'error' event
      ^

Error: channel closed
    at ChildProcess.target.send (internal/child_process.js:584:16)
    at process.killkid (C:\Users\User\AppData\Roaming\npm\node_modules\node-windows\lib\wrapper.js:177:11)
    at emitNone (events.js:86:13)
    at process.emit (events.js:185:7)
    at Signal.wrap.onsignal (internal/process.js:217:44)
C:\Users\User\AppData\Roaming\npm\node_modules\node-windows\lib\wrapper.js:177
    child.send('shutdown');
         ^

TypeError: Cannot read property 'send' of null
    at process.killkid (C:\Users\User\AppData\Roaming\npm\node_modules\node-windows\lib\wrapper.js:177:10)
    at emitNone (events.js:86:13)
    at process.emit (events.js:185:7)
    at Signal.wrap.onsignal (internal/process.js:217:44)
events.js:160
      throw er; // Unhandled 'error' event
      ^

Error: channel closed
    at ChildProcess.target.send (internal/child_process.js:584:16)
    at process.killkid (C:\Users\User\AppData\Roaming\npm\node_modules\node-windows\lib\wrapper.js:177:11)
    at emitNone (events.js:86:13)
    at process.emit (events.js:185:7)
    at Signal.wrap.onsignal (internal/process.js:217:44)
events.js:160
      throw er; // Unhandled 'error' event
      ^

Error: channel closed
    at ChildProcess.target.send (internal/child_process.js:584:16)
    at process.killkid (C:\Users\User\AppData\Roaming\npm\node_modules\node-windows\lib\wrapper.js:177:11)
    at emitNone (events.js:86:13)
    at process.emit (events.js:185:7)
    at Signal.wrap.onsignal (internal/process.js:217:44)
events.js:160
      throw er; // Unhandled 'error' event
      ^

Error: channel closed
    at ChildProcess.target.send (internal/child_process.js:584:16)
    at process.killkid (C:\Users\User\AppData\Roaming\npm\node_modules\node-windows\lib\wrapper.js:177:11)
    at emitNone (events.js:86:13)
    at process.emit (events.js:185:7)
    at Signal.wrap.onsignal (internal/process.js:217:44)
events.js:160
      throw er; // Unhandled 'error' event
      ^

Error: channel closed
    at ChildProcess.target.send (internal/child_process.js:584:16)
    at process.killkid (C:\Users\User\AppData\Roaming\npm\node_modules\node-windows\lib\wrapper.js:177:11)
    at emitNone (events.js:86:13)
    at process.emit (events.js:185:7)
    at Signal.wrap.onsignal (internal/process.js:217:44)
events.js:160
      throw er; // Unhandled 'error' event
      ^

Error: channel closed
    at ChildProcess.target.send (internal/child_process.js:584:16)
    at process.killkid (C:\Users\User\AppData\Roaming\npm\node_modules\node-windows\lib\wrapper.js:177:11)
    at emitNone (events.js:86:13)
    at process.emit (events.js:185:7)
    at Signal.wrap.onsignal (internal/process.js:217:44)
events.js:160
      throw er; // Unhandled 'error' event
      ^

Error: channel closed
    at ChildProcess.target.send (internal/child_process.js:584:16)
    at process.killkid (C:\Users\User\AppData\Roaming\npm\node_modules\node-windows\lib\wrapper.js:177:11)
    at emitNone (events.js:86:13)
    at process.emit (events.js:185:7)
    at Signal.wrap.onsignal (internal/process.js:217:44)
events.js:160
      throw er; // Unhandled 'error' event
      ^

Error: channel closed
    at ChildProcess.target.send (internal/child_process.js:584:16)
    at process.killkid (C:\Users\User\AppData\Roaming\npm\node_modules\node-windows\lib\wrapper.js:177:11)
    at emitNone (events.js:86:13)
    at process.emit (events.js:185:7)
    at Signal.wrap.onsignal (internal/process.js:217:44)
events.js:160
      throw er; // Unhandled 'error' event
      ^

Error: channel closed
    at ChildProcess.target.send (internal/child_process.js:584:16)
    at process.killkid (C:\Users\User\AppData\Roaming\npm\node_modules\node-windows\lib\wrapper.js:177:11)
    at emitNone (events.js:86:13)
    at process.emit (events.js:185:7)
    at Signal.wrap.onsignal (internal/process.js:217:44)
events.js:160
      throw er; // Unhandled 'error' event
      ^

Error: channel closed
    at ChildProcess.target.send (internal/child_process.js:584:16)
    at process.killkid (C:\Users\User\AppData\Roaming\npm\node_modules\node-windows\lib\wrapper.js:177:11)
    at emitNone (events.js:86:13)
    at process.emit (events.js:185:7)
    at Signal.wrap.onsignal (internal/process.js:217:44)
C:\Users\User\AppData\Roaming\npm\node_modules\node-windows\lib\wrapper.js:177
    child.send('shutdown');
         ^

TypeError: Cannot read property 'send' of null
    at process.killkid (C:\Users\User\AppData\Roaming\npm\node_modules\node-windows\lib\wrapper.js:177:10)
    at emitNone (events.js:86:13)
    at process.emit (events.js:185:7)
    at Signal.wrap.onsignal (internal/process.js:217:44)
events.js:160
      throw er; // Unhandled 'error' event
      ^

Error: channel closed
    at ChildProcess.target.send (internal/child_process.js:584:16)
    at process.killkid (C:\Users\User\AppData\Roaming\npm\node_modules\node-windows\lib\wrapper.js:177:11)
    at emitNone (events.js:86:13)
    at process.emit (events.js:185:7)
    at Signal.wrap.onsignal (internal/process.js:217:44)
events.js:160
      throw er; // Unhandled 'error' event
      ^

Error: channel closed
    at ChildProcess.target.send (internal/child_process.js:584:16)
    at process.killkid (C:\Users\User\AppData\Roaming\npm\node_modules\node-windows\lib\wrapper.js:177:11)
    at emitNone (events.js:86:13)
    at process.emit (events.js:185:7)
    at Signal.wrap.onsignal (internal/process.js:217:44)
events.js:160
      throw er; // Unhandled 'error' event
      ^

Error: channel closed
    at ChildProcess.target.send (internal/child_process.js:584:16)
    at process.killkid (C:\Users\User\AppData\Roaming\npm\node_modules\node-windows\lib\wrapper.js:177:11)
    at emitNone (events.js:86:13)
    at process.emit (events.js:185:7)
    at Signal.wrap.onsignal (internal/process.js:217:44)
C:\Users\User\AppData\Roaming\npm\node_modules\node-windows\lib\wrapper.js:177
    child.send('shutdown');
         ^

TypeError: Cannot read property 'send' of null
    at process.killkid (C:\Users\User\AppData\Roaming\npm\node_modules\node-windows\lib\wrapper.js:177:10)
    at emitNone (events.js:86:13)
    at process.emit (events.js:185:7)
    at Signal.wrap.onsignal (internal/process.js:217:44)
events.js:160
      throw er; // Unhandled 'error' event
      ^

Error: channel closed
    at ChildProcess.target.send (internal/child_process.js:584:16)
    at process.killkid (C:\Users\User\AppData\Roaming\npm\node_modules\node-windows\lib\wrapper.js:177:11)
    at emitNone (events.js:86:13)
    at process.emit (events.js:185:7)
    at Signal.wrap.onsignal (internal/process.js:217:44)
events.js:160
      throw er; // Unhandled 'error' event
      ^

Error: channel closed
    at ChildProcess.target.send (internal/child_process.js:584:16)
    at process.killkid (C:\Users\User\AppData\Roaming\npm\node_modules\node-windows\lib\wrapper.js:177:11)
    at emitNone (events.js:86:13)
    at process.emit (events.js:185:7)
    at Signal.wrap.onsignal (internal/process.js:217:44)
